2024-04-14 09:16:29,650 [INFO] MainUpdater:2873 - connection check result : 10
2024-04-14 09:16:29,653 [INFO] MainUpdater:2873 - connection check result : 10
2024-04-14 09:16:30,199 [INFO] MicroXplorer:468 - Change Database Path : 
2024-04-14 09:16:30,199 [INFO] MicroXplorer:498 - Change Database Version : DB.6.0.100
2024-04-14 09:16:30,223 [ERROR] ProjectManagerView:394 - 
java.lang.NullPointerException: Cannot invoke "javax.swing.JTextField.getText()" because the return value of "java.util.List.get(int)" is null
	at com.st.microxplorer.plugins.projectmanager.gui.ProjectChoiceTab$10.caretUpdate(ProjectChoiceTab.java:2493) ~[filemanager.jar:?]
	at javax.swing.text.JTextComponent.fireCaretUpdate(JTextComponent.java:412) ~[?:?]
	at javax.swing.text.JTextComponent$MutableCaretEvent.fire(JTextComponent.java:4491) ~[?:?]
	at javax.swing.text.JTextComponent$MutableCaretEvent.stateChanged(JTextComponent.java:4513) ~[?:?]
	at javax.swing.text.DefaultCaret.fireStateChanged(DefaultCaret.java:842) ~[?:?]
	at javax.swing.text.DefaultCaret.changeCaretPosition(DefaultCaret.java:1313) ~[?:?]
	at javax.swing.text.DefaultCaret.handleSetDot(DefaultCaret.java:1212) ~[?:?]
	at javax.swing.text.DefaultCaret.setDot(DefaultCaret.java:1193) ~[?:?]
	at javax.swing.text.DefaultCaret$Handler.insertUpdate(DefaultCaret.java:1789) ~[?:?]
	at javax.swing.text.AbstractDocument.fireInsertUpdate(AbstractDocument.java:226) ~[?:?]
	at javax.swing.text.AbstractDocument.handleInsertString(AbstractDocument.java:780) ~[?:?]
	at javax.swing.text.AbstractDocument.insertString(AbstractDocument.java:739) ~[?:?]
	at javax.swing.text.PlainDocument.insertString(PlainDocument.java:131) ~[?:?]
	at javax.swing.text.AbstractDocument.replace(AbstractDocument.java:698) ~[?:?]
	at javax.swing.text.JTextComponent.setText(JTextComponent.java:1729) ~[?:?]
	at com.st.microxplorer.plugins.projectmanager.gui.ProjectChoiceTab.createHeapStackFields(ProjectChoiceTab.java:933) ~[filemanager.jar:?]
	at com.st.microxplorer.plugins.projectmanager.gui.ProjectChoiceTab.buildLinkSettingsPanel(ProjectChoiceTab.java:3426) ~[filemanager.jar:?]
	at com.st.microxplorer.plugins.projectmanager.gui.ProjectChoiceTab.defineWindowsFields(ProjectChoiceTab.java:1813) ~[filemanager.jar:?]
	at com.st.microxplorer.plugins.projectmanager.gui.ProjectChoiceTab.updateSettings(ProjectChoiceTab.java:533) ~[filemanager.jar:?]
	at com.st.microxplorer.plugins.projectmanager.gui.ProjectSettingsPanel.UpdateDialog(ProjectSettingsPanel.java:244) ~[filemanager.jar:?]
	at com.st.microxplorer.plugins.projectmanager.ProjectManagerView.propertyChange(ProjectManagerView.java:391) ~[filemanager.jar:?]
	at java.beans.PropertyChangeSupport.fire(PropertyChangeSupport.java:343) ~[?:?]
	at java.beans.PropertyChangeSupport.firePropertyChange(PropertyChangeSupport.java:335) ~[?:?]
	at java.beans.PropertyChangeSupport.firePropertyChange(PropertyChangeSupport.java:268) ~[?:?]
	at com.st.microxplorer.util.MXPropertyChangeSupport.firePropertyChange(MXPropertyChangeSupport.java:54) ~[STM32CubeMX.jar:?]
	at com.st.microxplorer.mxsystem.MxSystem.closeConfig(MxSystem.java:900) ~[STM32CubeMX.jar:?]
	at com.st.microxplorer.maingui.MainPanel.closeConfig(MainPanel.java:776) ~[STM32CubeMX.jar:?]
	at com.st.microxplorer.plugins.filemanager.engine.OpenFileManager.loadConfigurationFile(OpenFileManager.java:245) ~[filemanager.jar:?]
	at com.st.microxplorer.plugins.filemanager.engine.MainFileManager.userLoadConfig(MainFileManager.java:290) ~[filemanager.jar:?]
	at com.st.microxplorer.plugins.filemanager.FileManagerView.getSpecificTask(FileManagerView.java:247) ~[filemanager.jar:?]
	at com.st.stm32cube.common.mx.editor.CubeMxEditor.getMxTabbedPaneInstance(CubeMxEditor.java:1184) ~[com.st.stm32cube.common.mx_6.10.0.202311202037/:?]
	at com.st.stm32cube.common.mx.editor.CubeMxEditor$12$1.createSwingComponent(CubeMxEditor.java:1065) ~[com.st.stm32cube.common.mx_6.10.0.202311202037/:?]
	at com.st.stm32cube.common.mx.oss.core.awtswtbridge.EmbeddedSwingComposite.doComponentCreation(EmbeddedSwingComposite.java:492) ~[com.st.stm32cube.common.mx.oss_6.10.0.202311202037/:?]
	at com.st.stm32cube.common.mx.oss.core.awtswtbridge.EmbeddedSwingComposite$4.run(EmbeddedSwingComposite.java:291) ~[com.st.stm32cube.common.mx.oss_6.10.0.202311202037/:?]
	at com.st.stm32cube.common.mx.oss.core.awtswtbridge.AwtEnvironment$2.run(AwtEnvironment.java:166) ~[com.st.stm32cube.common.mx.oss_6.10.0.202311202037/:?]
	at java.awt.event.InvocationEvent.dispatch(InvocationEvent.java:318) ~[?:?]
	at java.awt.EventQueue.dispatchEventImpl(EventQueue.java:773) ~[?:?]
	at java.awt.EventQueue$4.run(EventQueue.java:720) ~[?:?]
	at java.awt.EventQueue$4.run(EventQueue.java:714) ~[?:?]
	at java.security.AccessController.doPrivileged(AccessController.java:399) ~[?:?]
	at java.security.ProtectionDomain$JavaSecurityAccessImpl.doIntersectionPrivilege(ProtectionDomain.java:86) ~[?:?]
	at java.awt.EventQueue.dispatchEvent(EventQueue.java:742) ~[?:?]
	at java.awt.EventDispatchThread.pumpOneEventForFilters(EventDispatchThread.java:203) ~[?:?]
	at java.awt.EventDispatchThread.pumpEventsForFilter(EventDispatchThread.java:124) ~[?:?]
	at java.awt.EventDispatchThread.pumpEventsForHierarchy(EventDispatchThread.java:113) ~[?:?]
	at java.awt.EventDispatchThread.pumpEvents(EventDispatchThread.java:109) ~[?:?]
	at java.awt.EventDispatchThread.pumpEvents(EventDispatchThread.java:101) ~[?:?]
	at java.awt.EventDispatchThread.run(EventDispatchThread.java:90) ~[?:?]
2024-04-14 09:16:30,231 [WARN] ThirdParty:871 - waiting for thirdparty lock release [close project]
2024-04-14 09:16:30,231 [INFO] ThirdParty:873 - entering critical section [close project]
2024-04-14 09:16:30,231 [INFO] ThirdParty:883 - exiting critical section [close project]
2024-04-14 09:16:30,232 [INFO] PinOutPanel:1499 - setPackage(No Configuration,No Configuration)
2024-04-14 09:16:30,234 [INFO] UtilMem:75 - Begin LoadConfig() Used Memory: 847719496 Bytes (1073741824)
2024-04-14 09:16:30,234 [INFO] MicroXplorer:468 - Change Database Path : 
2024-04-14 09:16:30,234 [INFO] MicroXplorer:498 - Change Database Version : DB.6.0.100
2024-04-14 09:16:30,234 [INFO] OpenFileManager:312 - Change cursor
2024-04-14 09:16:30,269 [INFO] RulesReader:64 - Compatibility file has been processed (297 Rules)
2024-04-14 09:16:30,309 [INFO] Mcu:2016 - Initializing MCU STM32F103V(C-D-E)Tx STM32F103VETx STM32F103VET6
2024-04-14 09:16:31,144 [INFO] Context:659 - Trying to add GPIOservice into a context  which must be forbidden
2024-04-14 09:16:31,350 [INFO] RtosManager:555 - Registered RTOS mode: class=CMSIS, group=RTOS, mode=CMSIS_V1, owner=FREERTOS
2024-04-14 09:16:31,350 [INFO] RtosManager:555 - Registered RTOS mode: class=CMSIS, group=RTOS2, mode=CMSIS_V2, owner=FREERTOS
2024-04-14 09:16:31,350 [INFO] RtosManager:555 - Registered RTOS mode: class=RTOS, group=Core, mode=CMSIS_V1, owner=FREERTOS
2024-04-14 09:16:31,350 [INFO] RtosManager:555 - Registered RTOS mode: class=RTOS, group=Core, mode=CMSIS_V2, owner=FREERTOS
2024-04-14 09:16:31,350 [WARN] ModelIntegratedComponent:184 - Missing modes for component STMicroelectronics:FreeRTOS:0.0.1:STMicroelectronics:RTOS:FreeRTOS:Core:::10.2.0:
2024-04-14 09:16:31,353 [WARN] ModelIntegratedComponent:63 - No mode defined for component null
2024-04-14 09:16:31,353 [WARN] ModelIntegratedComponent:63 - No mode defined for component null
2024-04-14 09:16:31,353 [WARN] ModelIntegratedComponent:63 - No mode defined for component null
2024-04-14 09:16:31,353 [WARN] ModelIntegratedComponent:63 - No mode defined for component null
2024-04-14 09:16:31,353 [WARN] ModelIntegratedComponent:63 - No mode defined for component null
2024-04-14 09:16:31,353 [WARN] ModelIntegratedComponent:63 - No mode defined for component null
2024-04-14 09:16:31,353 [WARN] ModelIntegratedComponent:63 - No mode defined for component null
2024-04-14 09:16:31,353 [WARN] ModelIntegratedComponent:63 - No mode defined for component null
2024-04-14 09:16:31,353 [WARN] ModelIntegratedComponent:63 - No mode defined for component null
2024-04-14 09:16:31,353 [WARN] ModelIntegratedComponent:63 - No mode defined for component null
2024-04-14 09:16:31,353 [WARN] ModelIntegratedComponent:63 - No mode defined for component null
2024-04-14 09:16:31,354 [WARN] ModelIntegratedComponent:63 - No mode defined for component null
2024-04-14 09:16:31,354 [WARN] ModelIntegratedComponent:63 - No mode defined for component null
2024-04-14 09:16:31,354 [WARN] ModelIntegratedComponent:63 - No mode defined for component null
2024-04-14 09:16:31,354 [WARN] ModelIntegratedComponent:63 - No mode defined for component null
2024-04-14 09:16:31,354 [WARN] ModelIntegratedComponent:63 - No mode defined for component null
2024-04-14 09:16:31,354 [WARN] ModelIntegratedComponent:63 - No mode defined for component null
2024-04-14 09:16:31,354 [WARN] ModelIntegratedComponent:63 - No mode defined for component null
2024-04-14 09:16:31,354 [WARN] ModelIntegratedComponent:63 - No mode defined for component null
2024-04-14 09:16:31,354 [WARN] ModelIntegratedComponent:63 - No mode defined for component null
2024-04-14 09:16:31,354 [WARN] ModelIntegratedComponent:63 - No mode defined for component null
2024-04-14 09:16:31,354 [WARN] ModelIntegratedComponent:63 - No mode defined for component null
2024-04-14 09:16:31,354 [WARN] ModelIntegratedComponent:63 - No mode defined for component null
2024-04-14 09:16:31,354 [WARN] ModelIntegratedComponent:63 - No mode defined for component null
2024-04-14 09:16:31,354 [WARN] ModelIntegratedComponent:63 - No mode defined for component null
2024-04-14 09:16:31,354 [WARN] ModelIntegratedComponent:63 - No mode defined for component null
2024-04-14 09:16:31,354 [WARN] ModelIntegratedComponent:63 - No mode defined for component null
2024-04-14 09:16:31,354 [WARN] ModelIntegratedComponent:63 - No mode defined for component null
2024-04-14 09:16:31,354 [WARN] ModelIntegratedComponent:63 - No mode defined for component null
2024-04-14 09:16:31,354 [WARN] ModelIntegratedComponent:63 - No mode defined for component null
2024-04-14 09:16:31,354 [WARN] ModelIntegratedComponent:63 - No mode defined for component null
2024-04-14 09:16:31,354 [WARN] ModelIntegratedComponent:63 - No mode defined for component null
2024-04-14 09:16:31,354 [WARN] ModelIntegratedComponent:63 - No mode defined for component null
2024-04-14 09:16:31,535 [INFO] ThirdPartyModel:298 - Start build external matchings
2024-04-14 09:16:33,862 [INFO] ThirdPartyModel:316 - End build external matchings
2024-04-14 09:16:33,914 [INFO] ImportTextPane:194 - (OptionalMessage_ERROR) IP (RCC) : Parameter (ADCFreqValue) has invalid value (36000000)
2024-04-14 09:16:33,915 [INFO] ImportTextPane:194 - (OptionalMessage_ERROR) IP (RCC) : Invalid parameter (FamilyName)
2024-04-14 09:16:33,915 [INFO] ImportTextPane:194 - (OptionalMessage_ERROR) IP (RCC) : Parameter (MCOFreq_Value) has invalid value (72000000)
2024-04-14 09:16:33,915 [INFO] ImportTextPane:194 - (OptionalMessage_ERROR) IP (RCC) : Parameter (USBFreq_Value) has invalid value (72000000)
2024-04-14 09:16:34,164 [INFO] UtilMem:75 - End LoadConfig() Used Memory: 904105136 Bytes (1073741824)
2024-04-14 09:16:34,219 [INFO] MicroXplorer:468 - Change Database Path : 
2024-04-14 09:16:34,220 [INFO] MicroXplorer:498 - Change Database Version : DB.6.0.100
2024-04-14 09:16:34,220 [WARN] ThirdParty:833 - waiting for thirdparty lock release [change project]
2024-04-14 09:16:34,220 [INFO] ThirdParty:835 - entering critical section [change project]
2024-04-14 09:16:34,220 [INFO] ThirdParty:1030 - CMSIS Pack Vendor :STMicroelectronics USBPD 4.1
2024-04-14 09:16:34,220 [INFO] ThirdParty:1030 - CMSIS Pack Vendor :STMicroelectronics X-CUBE-GNSS1 6.0.0
2024-04-14 09:16:34,220 [INFO] ThirdParty:1030 - CMSIS Pack Vendor :STMicroelectronics USB_HOST 2.0.0
2024-04-14 09:16:34,220 [INFO] ThirdParty:1030 - CMSIS Pack Vendor :STMicroelectronics X-CUBE-AZRTOS-F4 1.1.0
2024-04-14 09:16:34,220 [INFO] ThirdParty:1030 - CMSIS Pack Vendor :STMicroelectronics LIBJPEG 8.0.0
2024-04-14 09:16:34,220 [INFO] ThirdParty:1030 - CMSIS Pack Vendor :STMicroelectronics X-CUBE-SMBUS 2.1.0
2024-04-14 09:16:34,220 [INFO] ThirdParty:1030 - CMSIS Pack Vendor :STMicroelectronics X-CUBE-TOUCHGFX 4.23.1
2024-04-14 09:16:34,220 [INFO] ThirdParty:1030 - CMSIS Pack Vendor :STMicroelectronics X-CUBE-TOUCHGFX 4.23.0
2024-04-14 09:16:34,220 [INFO] ThirdParty:1030 - CMSIS Pack Vendor :STMicroelectronics X-CUBE-MEMS1 9.2.0
2024-04-14 09:16:34,220 [INFO] ThirdParty:1030 - CMSIS Pack Vendor :STMicroelectronics X-CUBE-BLEMGR 1.2.0
2024-04-14 09:16:34,220 [INFO] ThirdParty:1030 - CMSIS Pack Vendor :STMicroelectronics X-CUBE-TOUCHGFX 4.23.2
2024-04-14 09:16:34,220 [INFO] ThirdParty:1030 - CMSIS Pack Vendor :STMicroelectronics X-CUBE-AZRTOS-F7 1.1.0
2024-04-14 09:16:34,220 [INFO] ThirdParty:1030 - CMSIS Pack Vendor :STMicroelectronics X-CUBE-AZRTOS-L5 2.0.0
2024-04-14 09:16:34,220 [INFO] ThirdParty:1030 - CMSIS Pack Vendor :STMicroelectronics USB_DEVICE 2.0.0
2024-04-14 09:16:34,220 [INFO] ThirdParty:1030 - CMSIS Pack Vendor :STMicroelectronics X-CUBE-MEMS1 9.6.0
2024-04-14 09:16:34,220 [INFO] ThirdParty:1030 - CMSIS Pack Vendor :STMicroelectronics X-CUBE-EEPRMA1 4.2.0
2024-04-14 09:16:34,220 [INFO] ThirdParty:1030 - CMSIS Pack Vendor :STMicroelectronics X-CUBE-NFC6 3.1.0
2024-04-14 09:16:34,220 [INFO] ThirdParty:1030 - CMSIS Pack Vendor :ITTIA_DB I-CUBE-ITTIADB 8.8.0
2024-04-14 09:16:34,220 [INFO] ThirdParty:1030 - CMSIS Pack Vendor :STMicroelectronics X-CUBE-AI 7.1.0
2024-04-14 09:16:34,220 [INFO] ThirdParty:1030 - CMSIS Pack Vendor :STMicroelectronics X-CUBE-TOUCHGFX 4.19.1
2024-04-14 09:16:34,220 [INFO] ThirdParty:1030 - CMSIS Pack Vendor :STMicroelectronics FP-SNS-MOTENV1 4.3.2
2024-04-14 09:16:34,220 [INFO] ThirdParty:1030 - CMSIS Pack Vendor :STMicroelectronics FP-SNS-FLIGHT1 5.0.1
2024-04-14 09:16:34,220 [INFO] ThirdParty:1030 - CMSIS Pack Vendor :STMicroelectronics X-CUBE-BLE1 6.2.3
2024-04-14 09:16:34,220 [INFO] ThirdParty:1030 - CMSIS Pack Vendor :STMicroelectronics X-CUBE-BLE1 6.2.4
2024-04-14 09:16:34,220 [INFO] ThirdParty:1030 - CMSIS Pack Vendor :STMicroelectronics FreeRTOS 0.0.1
2024-04-14 09:16:34,220 [INFO] ThirdParty:1030 - CMSIS Pack Vendor :STMicroelectronics X-CUBE-BLEMGR 2.0.0
2024-04-14 09:16:34,220 [INFO] ThirdParty:1030 - CMSIS Pack Vendor :STMicroelectronics FP-SNS-FLIGHT1 5.0.2
2024-04-14 09:16:34,220 [INFO] ThirdParty:1030 - CMSIS Pack Vendor :STMicroelectronics X-CUBE-NFC4 2.0.5
2024-04-14 09:16:34,220 [INFO] ThirdParty:1030 - CMSIS Pack Vendor :STMicroelectronics X-CUBE-BLE2 3.2.2
2024-04-14 09:16:34,220 [INFO] ThirdParty:1030 - CMSIS Pack Vendor :STMicroelectronics X-CUBE-NFC4 2.0.4
2024-04-14 09:16:34,220 [INFO] ThirdParty:1030 - CMSIS Pack Vendor :STMicroelectronics X-CUBE-AZRTOS-H7 3.1.0
2024-04-14 09:16:34,220 [INFO] ThirdParty:1030 - CMSIS Pack Vendor :STMicroelectronics PDM2PCM 3.3.0
2024-04-14 09:16:34,220 [INFO] ThirdParty:1030 - CMSIS Pack Vendor :STMicroelectronics X-CUBE-TOF1 3.1.0
2024-04-14 09:16:34,220 [INFO] ThirdParty:1030 - CMSIS Pack Vendor :STMicroelectronics X-CUBE-SFXS2LP1 3.1.0
2024-04-14 09:16:34,220 [INFO] ThirdParty:1030 - CMSIS Pack Vendor :STMicroelectronics X-CUBE-DISPLAY 3.0.0
2024-04-14 09:16:34,220 [INFO] ThirdParty:1030 - CMSIS Pack Vendor :STMicroelectronics X-CUBE-AZRTOS-F4 1.0.0
2024-04-14 09:16:34,221 [INFO] ThirdParty:1030 - CMSIS Pack Vendor :STMicroelectronics X-CUBE-BLE1 7.0.0
2024-04-14 09:16:34,221 [INFO] ThirdParty:1030 - CMSIS Pack Vendor :wolfSSL I-CUBE-wolfSSL 5.5.0
2024-04-14 09:16:34,221 [INFO] ThirdParty:1030 - CMSIS Pack Vendor :STMicroelectronics HAL Drivers 0.0.0
2024-04-14 09:16:34,221 [INFO] ThirdParty:1030 - CMSIS Pack Vendor :STMicroelectronics X-CUBE-TOUCHGFX 4.22.0
2024-04-14 09:16:34,221 [INFO] ThirdParty:1030 - CMSIS Pack Vendor :STMicroelectronics X-CUBE-NFC7 1.0.1
2024-04-14 09:16:34,221 [INFO] ThirdParty:1030 - CMSIS Pack Vendor :STMicroelectronics MBEDTLS 2.14.1
2024-04-14 09:16:34,221 [INFO] ThirdParty:1030 - CMSIS Pack Vendor :STMicroelectronics X-CUBE-NFC7 1.0.0
2024-04-14 09:16:34,221 [INFO] ThirdParty:1030 - CMSIS Pack Vendor :STMicroelectronics X-CUBE-TOUCHGFX 4.22.1
2024-04-14 09:16:34,221 [INFO] ThirdParty:1030 - CMSIS Pack Vendor :STMicroelectronics X-CUBE-NFC6 3.0.0
2024-04-14 09:16:34,221 [INFO] ThirdParty:1030 - CMSIS Pack Vendor :STMicroelectronics X-CUBE-MEMS1 9.3.0
2024-04-14 09:16:34,221 [INFO] ThirdParty:1030 - CMSIS Pack Vendor :STMicroelectronics X-CUBE-EEPRMA1 4.1.0
2024-04-14 09:16:34,221 [INFO] ThirdParty:1030 - CMSIS Pack Vendor :STMicroelectronics X-CUBE-AI 7.2.0
2024-04-14 09:16:34,221 [INFO] ThirdParty:1030 - CMSIS Pack Vendor :STMicroelectronics X-CUBE-BLEMGR 3.1.0
2024-04-14 09:16:34,221 [INFO] ThirdParty:1030 - CMSIS Pack Vendor :STMicroelectronics FP-SNS-SMARTAG2 1.2.0
2024-04-14 09:16:34,221 [INFO] ThirdParty:1030 - CMSIS Pack Vendor :STMicroelectronics X-CUBE-AZRTOS-WL 2.0.0
2024-04-14 09:16:34,221 [INFO] ThirdParty:1030 - CMSIS Pack Vendor :STMicroelectronics FP-SNS-MOTENV1 5.0.0
2024-04-14 09:16:34,221 [INFO] ThirdParty:1030 - CMSIS Pack Vendor :STMicroelectronics USB_DEVICE 1.0.0
2024-04-14 09:16:34,221 [INFO] ThirdParty:1030 - CMSIS Pack Vendor :STMicroelectronics X-CUBE-AI 8.1.0
2024-04-14 09:16:34,221 [INFO] ThirdParty:1030 - CMSIS Pack Vendor :STMicroelectronics X-CUBE-AZRTOS-G0 1.0.0
2024-04-14 09:16:34,221 [INFO] ThirdParty:1030 - CMSIS Pack Vendor :STMicroelectronics X-CUBE-AZRTOS-L4 2.0.0
2024-04-14 09:16:34,221 [INFO] ThirdParty:1030 - CMSIS Pack Vendor :STMicroelectronics ThreadX 0.0.2
2024-04-14 09:16:34,221 [INFO] ThirdParty:1030 - CMSIS Pack Vendor :WES I-CUBE-Cesium 1.3.0
2024-04-14 09:16:34,221 [INFO] ThirdParty:1030 - CMSIS Pack Vendor :STMicroelectronics lwIP 2.1.2
2024-04-14 09:16:34,221 [INFO] ThirdParty:1030 - CMSIS Pack Vendor :STMicroelectronics X-CUBE-SFXS2LP1 4.0.0
2024-04-14 09:16:34,221 [INFO] ThirdParty:1030 - CMSIS Pack Vendor :STMicroelectronics X-CUBE-BLE2 3.3.0
2024-04-14 09:16:34,221 [INFO] ThirdParty:1030 - CMSIS Pack Vendor :STMicroelectronics X-CUBE-DISPLAY 2.2.0
2024-04-14 09:16:34,221 [INFO] ThirdParty:1030 - CMSIS Pack Vendor :STMicroelectronics X-CUBE-TOF1 3.2.0
2024-04-14 09:16:34,221 [INFO] ThirdParty:1030 - CMSIS Pack Vendor :STMicroelectronics PDM2PCM 3.2.0
2024-04-14 09:16:34,221 [INFO] ThirdParty:1030 - CMSIS Pack Vendor :STMicroelectronics X-CUBE-AZRTOS-H7 3.0.0
2024-04-14 09:16:34,221 [INFO] ThirdParty:1030 - CMSIS Pack Vendor :STMicroelectronics X-CUBE-ISPU 1.0.0
2024-04-14 09:16:34,221 [INFO] ThirdParty:1030 - CMSIS Pack Vendor :STMicroelectronics X-CUBE-ISPU 1.1.0
2024-04-14 09:16:34,221 [INFO] ThirdParty:1030 - CMSIS Pack Vendor :RoweBots I-CUBE-UNISONRTOS 5.5.0-4
2024-04-14 09:16:34,221 [INFO] ThirdParty:1030 - CMSIS Pack Vendor :STMicroelectronics X-CUBE-AZRTOS-H7 2.1.0
2024-04-14 09:16:34,221 [INFO] ThirdParty:1030 - CMSIS Pack Vendor :STMicroelectronics USB_DEVICE 3.0.0
2024-04-14 09:16:34,221 [INFO] ThirdParty:1030 - CMSIS Pack Vendor :STMicroelectronics X-CUBE-TCPP 4.1.0
2024-04-14 09:16:34,221 [INFO] ThirdParty:1030 - CMSIS Pack Vendor :STMicroelectronics X-CUBE-AI 8.0.0
2024-04-14 09:16:34,221 [INFO] ThirdParty:1030 - CMSIS Pack Vendor :STMicroelectronics X-CUBE-AZRTOS-WB 2.0.0
2024-04-14 09:16:34,221 [INFO] ThirdParty:1030 - CMSIS Pack Vendor :STMicroelectronics X-CUBE-FREERTOS 1.0.0
2024-04-14 09:16:34,221 [INFO] ThirdParty:1030 - CMSIS Pack Vendor :STMicroelectronics X-CUBE-FREERTOS 1.0.1
2024-04-14 09:16:34,221 [INFO] ThirdParty:1030 - CMSIS Pack Vendor :STMicroelectronics X-CUBE-TOUCHGFX 4.21.1
2024-04-14 09:16:34,221 [INFO] ThirdParty:1030 - CMSIS Pack Vendor :STMicroelectronics X-CUBE-TOUCHGFX 4.21.3
2024-04-14 09:16:34,221 [INFO] ThirdParty:1030 - CMSIS Pack Vendor :STMicroelectronics X-CUBE-BLEMGR 1.0.0
2024-04-14 09:16:34,221 [INFO] ThirdParty:1030 - CMSIS Pack Vendor :STMicroelectronics X-CUBE-MEMS1 9.4.0
2024-04-14 09:16:34,221 [INFO] ThirdParty:1030 - CMSIS Pack Vendor :STMicroelectronics X-CUBE-AI 7.3.0
2024-04-14 09:16:34,221 [INFO] ThirdParty:1030 - CMSIS Pack Vendor :STMicroelectronics X-CUBE-ALGOBUILD 1.3.0
2024-04-14 09:16:34,221 [INFO] ThirdParty:1030 - CMSIS Pack Vendor :STMicroelectronics X-CUBE-AZRTOS-L5 1.1.0
2024-04-14 09:16:34,221 [INFO] ThirdParty:1030 - CMSIS Pack Vendor :STMicroelectronics X-CUBE-AZRTOS-G0 1.1.0
2024-04-14 09:16:34,221 [INFO] ThirdParty:1030 - CMSIS Pack Vendor :STMicroelectronics X-CUBE-AI 8.0.1
2024-04-14 09:16:34,221 [INFO] ThirdParty:1030 - CMSIS Pack Vendor :STMicroelectronics X-CUBE-SAFEA1 1.2.2
2024-04-14 09:16:34,221 [INFO] ThirdParty:1030 - CMSIS Pack Vendor :STMicroelectronics X-CUBE-NFC4 3.0.0
2024-04-14 09:16:34,221 [INFO] ThirdParty:1030 - CMSIS Pack Vendor :SEGGER I-CUBE-embOS 1.2.0
2024-04-14 09:16:34,221 [INFO] ThirdParty:1030 - CMSIS Pack Vendor :STMicroelectronics X-CUBE-SUBG2 5.0.0
2024-04-14 09:16:34,221 [INFO] ThirdParty:1030 - CMSIS Pack Vendor :STMicroelectronics STM32_WPAN 1.0.0
2024-04-14 09:16:34,222 [INFO] ThirdParty:1030 - CMSIS Pack Vendor :STMicroelectronics lwIP 2.0.3
2024-04-14 09:16:34,222 [INFO] ThirdParty:1030 - CMSIS Pack Vendor :STMicroelectronics USB_HOST 1.0.0
2024-04-14 09:16:34,222 [INFO] ThirdParty:1030 - CMSIS Pack Vendor :STMicroelectronics X-CUBE-TOF1 3.3.1
2024-04-14 09:16:34,222 [INFO] ThirdParty:1030 - CMSIS Pack Vendor :STMicroelectronics X-CUBE-AZRTOS-G4 2.0.0
2024-04-14 09:16:34,222 [INFO] ThirdParty:1030 - CMSIS Pack Vendor :STMicroelectronics PDM2PCM 3.1.0
2024-04-14 09:16:34,222 [INFO] ThirdParty:1030 - CMSIS Pack Vendor :STMicroelectronics X-CUBE-TOF1 3.3.0
2024-04-14 09:16:34,222 [INFO] ThirdParty:1030 - CMSIS Pack Vendor :STMicroelectronics FP-ATR-ASTRA1 1.1.1
2024-04-14 09:16:34,222 [INFO] ThirdParty:1030 - CMSIS Pack Vendor :Infineon AIROC-Wi-Fi-Bluetooth-STM32 1.5.1
2024-04-14 09:16:34,222 [INFO] ThirdParty:1030 - CMSIS Pack Vendor :STMicroelectronics X-CUBE-BLEMGR 3.0.0
2024-04-14 09:16:34,222 [INFO] ThirdParty:1030 - CMSIS Pack Vendor :STMicroelectronics X-CUBE-BLEMGR 1.3.0
2024-04-14 09:16:34,222 [INFO] ThirdParty:1030 - CMSIS Pack Vendor :STMicroelectronics FP-SNS-MOTENVWB1 1.3.0
2024-04-14 09:16:34,222 [INFO] ThirdParty:1030 - CMSIS Pack Vendor :STMicroelectronics FP-SNS-MOTENVWB1 1.3.1
2024-04-14 09:16:34,222 [INFO] ThirdParty:1030 - CMSIS Pack Vendor :STMicroelectronics FP-ATR-SIGFOX1 3.2.0
2024-04-14 09:16:34,222 [INFO] ThirdParty:1030 - CMSIS Pack Vendor :STMicroelectronics X-CUBE-AZRTOS-G4 1.0.0
2024-04-14 09:16:34,222 [INFO] ThirdParty:1030 - CMSIS Pack Vendor :STMicroelectronics X-CUBE-AZRTOS-L4 1.0.0
2024-04-14 09:16:34,222 [INFO] ThirdParty:1030 - CMSIS Pack Vendor :STMicroelectronics X-CUBE-ISPU 2.0.0
2024-04-14 09:16:34,222 [INFO] ThirdParty:1030 - CMSIS Pack Vendor :STMicroelectronics X-CUBE-EEPRMA1 5.1.0
2024-04-14 09:16:34,222 [INFO] ThirdParty:1030 - CMSIS Pack Vendor :STMicroelectronics MBEDTLS 2.16.2
2024-04-14 09:16:34,222 [INFO] ThirdParty:1030 - CMSIS Pack Vendor :emotas I-CUBE-CANOPEN 1.1.2
2024-04-14 09:16:34,222 [INFO] ThirdParty:1030 - CMSIS Pack Vendor :STMicroelectronics X-CUBE-TOUCHGFX 4.20.0
2024-04-14 09:16:34,222 [INFO] ThirdParty:1030 - CMSIS Pack Vendor :STMicroelectronics X-CUBE-MEMS1 10.0.0
2024-04-14 09:16:34,222 [INFO] ThirdParty:1030 - CMSIS Pack Vendor :STMicroelectronics X-CUBE-FREERTOS 1.1.0
2024-04-14 09:16:34,222 [INFO] ThirdParty:1030 - CMSIS Pack Vendor :STMicroelectronics X-CUBE-AZRTOS-F7 1.0.0
2024-04-14 09:16:34,222 [INFO] ThirdParty:1030 - CMSIS Pack Vendor :STMicroelectronics X-CUBE-AZRTOS-WL 1.0.0
2024-04-14 09:16:34,222 [INFO] ThirdParty:1030 - CMSIS Pack Vendor :STMicroelectronics X-CUBE-ALS 1.0.1
2024-04-14 09:16:34,222 [INFO] ThirdParty:1030 - CMSIS Pack Vendor :STMicroelectronics X-CUBE-MEMS1 9.5.0
2024-04-14 09:16:34,222 [INFO] ThirdParty:1030 - CMSIS Pack Vendor :STMicroelectronics ThreadX 1.0.0
2024-04-14 09:16:34,222 [INFO] ThirdParty:1030 - CMSIS Pack Vendor :STMicroelectronics X-CUBE-AZRTOS-WB 1.1.0
2024-04-14 09:16:34,222 [INFO] ThirdParty:1030 - CMSIS Pack Vendor :SEGGER I-CUBE-embOS 1.3.1
2024-04-14 09:16:34,222 [INFO] ThirdParty:1030 - CMSIS Pack Vendor :STMicroelectronics X-CUBE-AZRTOS-L5 1.0.0
2024-04-14 09:16:34,222 [INFO] ThirdParty:1030 - CMSIS Pack Vendor :STMicroelectronics X-CUBE-EEPRMA1 3.1.1
2024-04-14 09:16:34,222 [INFO] ThirdParty:1030 - CMSIS Pack Vendor :STMicroelectronics X-CUBE-GNSS1 5.2.0
2024-04-14 09:16:34,222 [INFO] ThirdParty:1030 - CMSIS Pack Vendor :STMicroelectronics FP-ATR-ASTRA1 2.0.0
2024-04-14 09:16:34,222 [INFO] ThirdParty:1030 - CMSIS Pack Vendor :STMicroelectronics X-CUBE-TOF1 3.4.0
2024-04-14 09:16:34,222 [INFO] ThirdParty:1030 - CMSIS Pack Vendor :STMicroelectronics X-CUBE-TOF1 3.4.1
2024-04-14 09:16:34,222 [INFO] ThirdParty:1030 - CMSIS Pack Vendor :STMicroelectronics X-CUBE-AZRTOS-H7 3.2.0
2024-04-14 09:16:34,222 [INFO] ThirdParty:1030 - CMSIS Pack Vendor :STMicroelectronics X-CUBE-TOF1 3.0.0
2024-04-14 09:16:34,222 [INFO] ThirdParty:841 - exiting critical section [change project]
2024-04-14 09:16:34,330 [INFO] PinOutPanel:1499 - setPackage(No Configuration,No Configuration)
2024-04-14 09:16:34,331 [INFO] PinOutPanel:1499 - setPackage(STM32F103VETx,LQFP100)
2024-04-14 09:16:34,536 [INFO] UtilMem:75 - Before build in PCC Used Memory: 903568120 Bytes (1073741824)
2024-04-14 09:16:34,717 [INFO] UtilMem:75 - After build in PCC Used Memory: 826159712 Bytes (1073741824)
2024-04-14 09:16:34,727 [INFO] IPUIPlugin:80 - create IPUIPlugin
2024-04-14 09:16:34,728 [INFO] IPUIPlugin:80 - create IPUIPlugin
2024-04-14 09:16:34,728 [INFO] IPUIPlugin:80 - create IPUIPlugin
2024-04-14 09:16:34,728 [INFO] IPUIPlugin:80 - create IPUIPlugin
2024-04-14 09:16:34,728 [INFO] IPUIPlugin:80 - create IPUIPlugin
2024-04-14 09:16:34,728 [INFO] IPUIPlugin:80 - create IPUIPlugin
2024-04-14 09:16:34,728 [INFO] IPUIPlugin:80 - create IPUIPlugin
2024-04-14 09:16:34,728 [INFO] IPUIPlugin:80 - create IPUIPlugin
2024-04-14 09:16:34,728 [INFO] IPUIPlugin:80 - create IPUIPlugin
2024-04-14 09:16:34,728 [INFO] IPUIPlugin:80 - create IPUIPlugin
2024-04-14 09:16:34,728 [INFO] IPUIPlugin:80 - create IPUIPlugin
2024-04-14 09:16:34,728 [INFO] IPUIPlugin:80 - create IPUIPlugin
2024-04-14 09:16:34,728 [INFO] IPUIPlugin:80 - create IPUIPlugin
2024-04-14 09:16:34,728 [INFO] IPUIPlugin:80 - create IPUIPlugin
2024-04-14 09:16:34,728 [INFO] IPUIPlugin:80 - create IPUIPlugin
2024-04-14 09:16:34,728 [INFO] IPUIPlugin:80 - create IPUIPlugin
2024-04-14 09:16:34,728 [INFO] IPUIPlugin:80 - create IPUIPlugin
2024-04-14 09:16:34,728 [INFO] IPUIPlugin:80 - create IPUIPlugin
2024-04-14 09:16:34,728 [INFO] IPUIPlugin:80 - create IPUIPlugin
2024-04-14 09:16:34,729 [INFO] IPUIPlugin:80 - create IPUIPlugin
2024-04-14 09:16:34,729 [INFO] IPUIPlugin:80 - create IPUIPlugin
2024-04-14 09:16:34,729 [INFO] IPUIPlugin:80 - create IPUIPlugin
2024-04-14 09:16:34,729 [INFO] IPUIPlugin:80 - create IPUIPlugin
2024-04-14 09:16:34,729 [INFO] IPUIPlugin:80 - create IPUIPlugin
2024-04-14 09:16:34,729 [INFO] IPUIPlugin:80 - create IPUIPlugin
2024-04-14 09:16:34,729 [INFO] IPUIPlugin:80 - create IPUIPlugin
2024-04-14 09:16:34,729 [INFO] IPUIPlugin:80 - create IPUIPlugin
2024-04-14 09:16:34,729 [INFO] IPUIPlugin:80 - create IPUIPlugin
2024-04-14 09:16:34,729 [INFO] IPUIPlugin:80 - create IPUIPlugin
2024-04-14 09:16:34,729 [INFO] IPUIPlugin:80 - create IPUIPlugin
2024-04-14 09:16:34,730 [INFO] IPUIPlugin:80 - create IPUIPlugin
2024-04-14 09:16:34,730 [INFO] IPUIPlugin:80 - create IPUIPlugin
2024-04-14 09:16:34,730 [INFO] IPUIPlugin:80 - create IPUIPlugin
2024-04-14 09:16:34,730 [INFO] IPUIPlugin:80 - create IPUIPlugin
2024-04-14 09:16:34,730 [INFO] IPUIPlugin:80 - create IPUIPlugin
2024-04-14 09:16:34,730 [INFO] IPUIPlugin:80 - create IPUIPlugin
2024-04-14 09:16:34,730 [INFO] IPUIPlugin:80 - create IPUIPlugin
2024-04-14 09:16:34,730 [INFO] IPUIPlugin:80 - create IPUIPlugin
2024-04-14 09:16:34,731 [INFO] IPUIPlugin:80 - create IPUIPlugin
2024-04-14 09:16:34,731 [INFO] IPUIPlugin:80 - create IPUIPlugin
2024-04-14 09:16:34,777 [INFO] CADModel:165 - CPN selected for project levelSTM32F103VET6
2024-04-14 09:16:34,777 [INFO] CADModel:114 - Register for checkConnection events
2024-04-14 09:16:34,840 [INFO] OpenFileManager:343 - Restore cursor
2024-04-14 09:16:38,056 [INFO] UtilMem:75 - End SaveConfig() Used Memory: 864950128 Bytes (1073741824)
2024-04-14 09:16:38,246 [INFO] BlockDiagram:2759 - set Specific Code input for plugin: FSMC
2024-04-14 09:16:38,246 [INFO] BlockDiagram:2759 - set Specific Code input for plugin: NVIC
2024-04-14 09:16:38,246 [INFO] BlockDiagram:2759 - set Specific Code input for plugin: USART
2024-04-14 09:16:38,246 [INFO] BlockDiagram:2759 - set Specific Code input for plugin: TIM1_8F1
2024-04-14 09:16:38,246 [INFO] BlockDiagram:2759 - set Specific Code input for plugin: SYS
2024-04-14 09:16:38,247 [INFO] BlockDiagram:2759 - set Specific Code input for plugin: GPIO
2024-04-14 09:16:38,247 [INFO] BlockDiagram:2759 - set Specific Code input for plugin: RCC
2024-04-14 09:16:38,248 [INFO] CodeGenerator:807 - code generatio: config db path: F:\CubeIDE1.14.1\STM32CubeIDE_1.14.1\STM32CubeIDE\plugins\com.st.stm32cube.common.mx_6.10.0.202311202037\\db\
2024-04-14 09:16:38,394 [INFO] CodeEngine:255 - oldGeneratedFile, F:\CubeIDE\h503_Git\m100-m3-mini-board-stm32f103\examples\21_flash_eeprom\MXTmpFiles\license.tmp_save
2024-04-14 09:16:38,475 [INFO] CodeEngine:279 - Generated code: F:\CubeIDE\h503_Git\m100-m3-mini-board-stm32f103\examples\21_flash_eeprom\MXTmpFiles\license.tmp
2024-04-14 09:16:38,506 [INFO] CodeEngine:255 - oldGeneratedFile, F:\CubeIDE\h503_Git\m100-m3-mini-board-stm32f103\examples\21_flash_eeprom\Core\Src\gpio.c_save
2024-04-14 09:16:38,579 [INFO] CodeEngine:279 - Generated code: F:\CubeIDE\h503_Git\m100-m3-mini-board-stm32f103\examples\21_flash_eeprom\Core\Src\gpio.c
2024-04-14 09:16:38,585 [INFO] CodeEngine:255 - oldGeneratedFile, F:\CubeIDE\h503_Git\m100-m3-mini-board-stm32f103\examples\21_flash_eeprom\Core\Inc\gpio.h_save
2024-04-14 09:16:38,648 [INFO] CodeEngine:279 - Generated code: F:\CubeIDE\h503_Git\m100-m3-mini-board-stm32f103\examples\21_flash_eeprom\Core\Inc\gpio.h
2024-04-14 09:16:38,752 [INFO] CodeEngine:255 - oldGeneratedFile, F:\CubeIDE\h503_Git\m100-m3-mini-board-stm32f103\examples\21_flash_eeprom\Core\Src\fsmc.c_save
2024-04-14 09:16:38,822 [INFO] CodeEngine:279 - Generated code: F:\CubeIDE\h503_Git\m100-m3-mini-board-stm32f103\examples\21_flash_eeprom\Core\Src\fsmc.c
2024-04-14 09:16:38,827 [INFO] CodeEngine:255 - oldGeneratedFile, F:\CubeIDE\h503_Git\m100-m3-mini-board-stm32f103\examples\21_flash_eeprom\Core\Inc\fsmc.h_save
2024-04-14 09:16:38,876 [INFO] CodeEngine:279 - Generated code: F:\CubeIDE\h503_Git\m100-m3-mini-board-stm32f103\examples\21_flash_eeprom\Core\Inc\fsmc.h
2024-04-14 09:16:38,886 [INFO] CodeEngine:255 - oldGeneratedFile, F:\CubeIDE\h503_Git\m100-m3-mini-board-stm32f103\examples\21_flash_eeprom\Core\Src\tim.c_save
2024-04-14 09:16:38,954 [INFO] CodeEngine:279 - Generated code: F:\CubeIDE\h503_Git\m100-m3-mini-board-stm32f103\examples\21_flash_eeprom\Core\Src\tim.c
2024-04-14 09:16:38,959 [INFO] CodeEngine:255 - oldGeneratedFile, F:\CubeIDE\h503_Git\m100-m3-mini-board-stm32f103\examples\21_flash_eeprom\Core\Inc\tim.h_save
2024-04-14 09:16:39,008 [INFO] CodeEngine:279 - Generated code: F:\CubeIDE\h503_Git\m100-m3-mini-board-stm32f103\examples\21_flash_eeprom\Core\Inc\tim.h
2024-04-14 09:16:39,018 [INFO] CodeEngine:255 - oldGeneratedFile, F:\CubeIDE\h503_Git\m100-m3-mini-board-stm32f103\examples\21_flash_eeprom\Core\Src\usart.c_save
2024-04-14 09:16:39,092 [INFO] CodeEngine:279 - Generated code: F:\CubeIDE\h503_Git\m100-m3-mini-board-stm32f103\examples\21_flash_eeprom\Core\Src\usart.c
2024-04-14 09:16:39,097 [INFO] CodeEngine:255 - oldGeneratedFile, F:\CubeIDE\h503_Git\m100-m3-mini-board-stm32f103\examples\21_flash_eeprom\Core\Inc\usart.h_save
2024-04-14 09:16:39,152 [INFO] CodeEngine:279 - Generated code: F:\CubeIDE\h503_Git\m100-m3-mini-board-stm32f103\examples\21_flash_eeprom\Core\Inc\usart.h
2024-04-14 09:16:39,163 [INFO] CodeEngine:255 - oldGeneratedFile, F:\CubeIDE\h503_Git\m100-m3-mini-board-stm32f103\examples\21_flash_eeprom\Core\Src\stm32f1xx_it.c_save
2024-04-14 09:16:39,290 [INFO] CodeEngine:279 - Generated code: F:\CubeIDE\h503_Git\m100-m3-mini-board-stm32f103\examples\21_flash_eeprom\Core\Src\stm32f1xx_it.c
2024-04-14 09:16:39,297 [INFO] CodeEngine:255 - oldGeneratedFile, F:\CubeIDE\h503_Git\m100-m3-mini-board-stm32f103\examples\21_flash_eeprom\Core\Inc\stm32f1xx_it.h_save
2024-04-14 09:16:39,350 [INFO] CodeEngine:279 - Generated code: F:\CubeIDE\h503_Git\m100-m3-mini-board-stm32f103\examples\21_flash_eeprom\Core\Inc\stm32f1xx_it.h
2024-04-14 09:16:39,361 [INFO] CodeEngine:255 - oldGeneratedFile, F:\CubeIDE\h503_Git\m100-m3-mini-board-stm32f103\examples\21_flash_eeprom\Core\Src\stm32f1xx_hal_msp.c_save
2024-04-14 09:16:39,448 [INFO] CodeEngine:279 - Generated code: F:\CubeIDE\h503_Git\m100-m3-mini-board-stm32f103\examples\21_flash_eeprom\Core\Src\stm32f1xx_hal_msp.c
2024-04-14 09:16:39,453 [INFO] CodeEngine:255 - oldGeneratedFile, F:\CubeIDE\h503_Git\m100-m3-mini-board-stm32f103\examples\21_flash_eeprom\MXTmpFiles\system.tmp_save
2024-04-14 09:16:39,502 [INFO] CodeEngine:279 - Generated code: F:\CubeIDE\h503_Git\m100-m3-mini-board-stm32f103\examples\21_flash_eeprom\MXTmpFiles\system.tmp
2024-04-14 09:16:39,512 [INFO] CodeEngine:311 - oldGeneratedFile, F:\CubeIDE\h503_Git\m100-m3-mini-board-stm32f103\examples\21_flash_eeprom\Core\Inc\stm32f1xx_hal_conf.h_save
2024-04-14 09:16:39,567 [INFO] CodeEngine:335 - Generated code: F:\CubeIDE\h503_Git\m100-m3-mini-board-stm32f103\examples\21_flash_eeprom\Core\Inc\stm32f1xx_hal_conf.h
2024-04-14 09:16:39,583 [INFO] CodeEngine:255 - oldGeneratedFile, F:\CubeIDE\h503_Git\m100-m3-mini-board-stm32f103\examples\21_flash_eeprom\Core\Inc\main.h_save
2024-04-14 09:16:39,640 [INFO] CodeEngine:279 - Generated code: F:\CubeIDE\h503_Git\m100-m3-mini-board-stm32f103\examples\21_flash_eeprom\Core\Inc\main.h
2024-04-14 09:16:39,646 [INFO] CodeEngine:255 - oldGeneratedFile, F:\CubeIDE\h503_Git\m100-m3-mini-board-stm32f103\examples\21_flash_eeprom\Core\Src\main.c_save
2024-04-14 09:16:39,712 [INFO] CodeEngine:279 - Generated code: F:\CubeIDE\h503_Git\m100-m3-mini-board-stm32f103\examples\21_flash_eeprom\Core\Src\main.c
2024-04-14 09:16:40,039 [ERROR] ProjectBuilder:6568 - Problem during Copy of File LICENSE.txt
2024-04-14 09:16:40,047 [ERROR] ProjectBuilder:6568 - Problem during Copy of File LICENSE.txt
2024-04-14 09:16:40,057 [ERROR] ProjectBuilder:6568 - Problem during Copy of File LICENSE.txt
2024-04-14 09:16:40,072 [ERROR] ProjectBuilder:6568 - Problem during Copy of File LICENSE.txt
2024-04-14 09:16:40,080 [ERROR] ProjectBuilder:6568 - Problem during Copy of File LICENSE.txt
2024-04-14 09:16:40,088 [ERROR] ProjectBuilder:6568 - Problem during Copy of File LICENSE.txt
2024-04-14 09:16:40,091 [ERROR] ProjectBuilder:6568 - Problem during Copy of File LICENSE.txt
2024-04-14 09:16:40,096 [ERROR] ProjectBuilder:6568 - Problem during Copy of File LICENSE.txt
2024-04-14 09:16:40,191 [INFO] ProjectBuilder:3076 - Time for Copy HAL[1] : 169mS.
2024-04-14 09:16:40,196 [INFO] ProjectBuilder:4485 - Project Generator version: 4.2.0-B44
2024-04-14 09:16:40,427 [INFO] ConfigFileManager:1495 - The Die is : DIE414
2024-04-14 09:16:40,455 [INFO] ApiDbMcu:508 - Load IP Config File for FATFS
2024-04-14 09:16:40,462 [INFO] ApiDbMcu:508 - Load IP Config File for FREERTOS
2024-04-14 09:16:40,466 [INFO] ApiDbMcu:508 - Load IP Config File for USB_DEVICE
2024-04-14 09:16:41,680 [INFO] ProjectBuilder:4747 - Time for Generating toolchain IDE Files: 1485mS.
2024-04-14 09:16:41,681 [INFO] ProjectBuilder:2947 - Time for Copy CMSIS : 0mS.
2024-04-14 09:16:41,684 [INFO] ProjectBuilder:2947 - Time for Copy CMSIS : 0mS.
