2024-05-04 12:29:19,230 [INFO] MainUpdater:2873 - connection check result : 10
2024-05-04 12:29:19,335 [INFO] MainUpdater:2873 - connection check result : 10
2024-05-04 12:29:19,867 [INFO] MicroXplorer:468 - Change Database Path : 
2024-05-04 12:29:19,867 [INFO] MicroXplorer:498 - Change Database Version : DB.6.0.100
2024-05-04 12:29:19,985 [ERROR] ProjectManagerView:394 - 
java.lang.NullPointerException: Cannot invoke "javax.swing.JTextField.getText()" because the return value of "java.util.List.get(int)" is null
	at com.st.microxplorer.plugins.projectmanager.gui.ProjectChoiceTab$10.caretUpdate(ProjectChoiceTab.java:2493) ~[filemanager.jar:?]
	at javax.swing.text.JTextComponent.fireCaretUpdate(JTextComponent.java:412) ~[?:?]
	at javax.swing.text.JTextComponent$MutableCaretEvent.fire(JTextComponent.java:4491) ~[?:?]
	at javax.swing.text.JTextComponent$MutableCaretEvent.stateChanged(JTextComponent.java:4513) ~[?:?]
	at javax.swing.text.DefaultCaret.fireStateChanged(DefaultCaret.java:842) ~[?:?]
	at javax.swing.text.DefaultCaret.changeCaretPosition(DefaultCaret.java:1313) ~[?:?]
	at javax.swing.text.DefaultCaret.handleSetDot(DefaultCaret.java:1212) ~[?:?]
	at javax.swing.text.DefaultCaret.setDot(DefaultCaret.java:1193) ~[?:?]
	at javax.swing.text.DefaultCaret$Handler.insertUpdate(DefaultCaret.java:1789) ~[?:?]
	at javax.swing.text.AbstractDocument.fireInsertUpdate(AbstractDocument.java:226) ~[?:?]
	at javax.swing.text.AbstractDocument.handleInsertString(AbstractDocument.java:780) ~[?:?]
	at javax.swing.text.AbstractDocument.insertString(AbstractDocument.java:739) ~[?:?]
	at javax.swing.text.PlainDocument.insertString(PlainDocument.java:131) ~[?:?]
	at javax.swing.text.AbstractDocument.replace(AbstractDocument.java:698) ~[?:?]
	at javax.swing.text.JTextComponent.setText(JTextComponent.java:1729) ~[?:?]
	at com.st.microxplorer.plugins.projectmanager.gui.ProjectChoiceTab.createHeapStackFields(ProjectChoiceTab.java:933) ~[filemanager.jar:?]
	at com.st.microxplorer.plugins.projectmanager.gui.ProjectChoiceTab.buildLinkSettingsPanel(ProjectChoiceTab.java:3426) ~[filemanager.jar:?]
	at com.st.microxplorer.plugins.projectmanager.gui.ProjectChoiceTab.defineWindowsFields(ProjectChoiceTab.java:1813) ~[filemanager.jar:?]
	at com.st.microxplorer.plugins.projectmanager.gui.ProjectChoiceTab.updateSettings(ProjectChoiceTab.java:533) ~[filemanager.jar:?]
	at com.st.microxplorer.plugins.projectmanager.gui.ProjectSettingsPanel.UpdateDialog(ProjectSettingsPanel.java:244) ~[filemanager.jar:?]
	at com.st.microxplorer.plugins.projectmanager.ProjectManagerView.propertyChange(ProjectManagerView.java:391) ~[filemanager.jar:?]
	at java.beans.PropertyChangeSupport.fire(PropertyChangeSupport.java:343) ~[?:?]
	at java.beans.PropertyChangeSupport.firePropertyChange(PropertyChangeSupport.java:335) ~[?:?]
	at java.beans.PropertyChangeSupport.firePropertyChange(PropertyChangeSupport.java:268) ~[?:?]
	at com.st.microxplorer.util.MXPropertyChangeSupport.firePropertyChange(MXPropertyChangeSupport.java:54) ~[STM32CubeMX.jar:?]
	at com.st.microxplorer.mxsystem.MxSystem.closeConfig(MxSystem.java:900) ~[STM32CubeMX.jar:?]
	at com.st.microxplorer.maingui.MainPanel.closeConfig(MainPanel.java:776) ~[STM32CubeMX.jar:?]
	at com.st.microxplorer.plugins.filemanager.engine.OpenFileManager.loadConfigurationFile(OpenFileManager.java:245) ~[filemanager.jar:?]
	at com.st.microxplorer.plugins.filemanager.engine.MainFileManager.userLoadConfig(MainFileManager.java:290) ~[filemanager.jar:?]
	at com.st.microxplorer.plugins.filemanager.FileManagerView.getSpecificTask(FileManagerView.java:247) ~[filemanager.jar:?]
	at com.st.stm32cube.common.mx.editor.CubeMxEditor.getMxTabbedPaneInstance(CubeMxEditor.java:1184) ~[com.st.stm32cube.common.mx_6.10.0.202311202037/:?]
	at com.st.stm32cube.common.mx.editor.CubeMxEditor$12$1.createSwingComponent(CubeMxEditor.java:1065) ~[com.st.stm32cube.common.mx_6.10.0.202311202037/:?]
	at com.st.stm32cube.common.mx.oss.core.awtswtbridge.EmbeddedSwingComposite.doComponentCreation(EmbeddedSwingComposite.java:492) ~[com.st.stm32cube.common.mx.oss_6.10.0.202311202037/:?]
	at com.st.stm32cube.common.mx.oss.core.awtswtbridge.EmbeddedSwingComposite$4.run(EmbeddedSwingComposite.java:291) ~[com.st.stm32cube.common.mx.oss_6.10.0.202311202037/:?]
	at com.st.stm32cube.common.mx.oss.core.awtswtbridge.AwtEnvironment$2.run(AwtEnvironment.java:166) ~[com.st.stm32cube.common.mx.oss_6.10.0.202311202037/:?]
	at java.awt.event.InvocationEvent.dispatch(InvocationEvent.java:318) ~[?:?]
	at java.awt.EventQueue.dispatchEventImpl(EventQueue.java:773) ~[?:?]
	at java.awt.EventQueue$4.run(EventQueue.java:720) ~[?:?]
	at java.awt.EventQueue$4.run(EventQueue.java:714) ~[?:?]
	at java.security.AccessController.doPrivileged(AccessController.java:399) ~[?:?]
	at java.security.ProtectionDomain$JavaSecurityAccessImpl.doIntersectionPrivilege(ProtectionDomain.java:86) ~[?:?]
	at java.awt.EventQueue.dispatchEvent(EventQueue.java:742) ~[?:?]
	at java.awt.EventDispatchThread.pumpOneEventForFilters(EventDispatchThread.java:203) ~[?:?]
	at java.awt.EventDispatchThread.pumpEventsForFilter(EventDispatchThread.java:124) ~[?:?]
	at java.awt.EventDispatchThread.pumpEventsForHierarchy(EventDispatchThread.java:113) ~[?:?]
	at java.awt.EventDispatchThread.pumpEvents(EventDispatchThread.java:109) ~[?:?]
	at java.awt.EventDispatchThread.pumpEvents(EventDispatchThread.java:101) ~[?:?]
	at java.awt.EventDispatchThread.run(EventDispatchThread.java:90) ~[?:?]
2024-05-04 12:29:19,986 [WARN] ThirdParty:871 - waiting for thirdparty lock release [close project]
2024-05-04 12:29:19,986 [INFO] ThirdParty:873 - entering critical section [close project]
2024-05-04 12:29:19,986 [INFO] ThirdParty:883 - exiting critical section [close project]
2024-05-04 12:29:19,987 [INFO] PinOutPanel:1499 - setPackage(No Configuration,No Configuration)
2024-05-04 12:29:19,989 [INFO] UtilMem:75 - Begin LoadConfig() Used Memory: 852688432 Bytes (1073741824)
2024-05-04 12:29:19,990 [INFO] MicroXplorer:468 - Change Database Path : 
2024-05-04 12:29:19,990 [INFO] MicroXplorer:498 - Change Database Version : DB.6.0.100
2024-05-04 12:29:19,990 [INFO] OpenFileManager:312 - Change cursor
2024-05-04 12:29:20,020 [INFO] Mcu:2016 - Initializing MCU STM32F103V(C-D-E)Tx STM32F103VETx STM32F103VET6
2024-05-04 12:29:21,157 [INFO] Context:659 - Trying to add GPIOservice into a context  which must be forbidden
2024-05-04 12:29:21,389 [INFO] RtosManager:555 - Registered RTOS mode: class=CMSIS, group=RTOS, mode=CMSIS_V1, owner=FREERTOS
2024-05-04 12:29:21,389 [INFO] RtosManager:555 - Registered RTOS mode: class=CMSIS, group=RTOS2, mode=CMSIS_V2, owner=FREERTOS
2024-05-04 12:29:21,389 [INFO] RtosManager:555 - Registered RTOS mode: class=RTOS, group=Core, mode=CMSIS_V1, owner=FREERTOS
2024-05-04 12:29:21,389 [INFO] RtosManager:555 - Registered RTOS mode: class=RTOS, group=Core, mode=CMSIS_V2, owner=FREERTOS
2024-05-04 12:29:21,389 [WARN] ModelIntegratedComponent:184 - Missing modes for component STMicroelectronics:FreeRTOS:0.0.1:STMicroelectronics:RTOS:FreeRTOS:Core:::10.2.0:
2024-05-04 12:29:21,394 [WARN] ModelIntegratedComponent:63 - No mode defined for component null
2024-05-04 12:29:21,394 [WARN] ModelIntegratedComponent:63 - No mode defined for component null
2024-05-04 12:29:21,394 [WARN] ModelIntegratedComponent:63 - No mode defined for component null
2024-05-04 12:29:21,394 [WARN] ModelIntegratedComponent:63 - No mode defined for component null
2024-05-04 12:29:21,394 [WARN] ModelIntegratedComponent:63 - No mode defined for component null
2024-05-04 12:29:21,394 [WARN] ModelIntegratedComponent:63 - No mode defined for component null
2024-05-04 12:29:21,394 [WARN] ModelIntegratedComponent:63 - No mode defined for component null
2024-05-04 12:29:21,394 [WARN] ModelIntegratedComponent:63 - No mode defined for component null
2024-05-04 12:29:21,394 [WARN] ModelIntegratedComponent:63 - No mode defined for component null
2024-05-04 12:29:21,394 [WARN] ModelIntegratedComponent:63 - No mode defined for component null
2024-05-04 12:29:21,394 [WARN] ModelIntegratedComponent:63 - No mode defined for component null
2024-05-04 12:29:21,394 [WARN] ModelIntegratedComponent:63 - No mode defined for component null
2024-05-04 12:29:21,394 [WARN] ModelIntegratedComponent:63 - No mode defined for component null
2024-05-04 12:29:21,394 [WARN] ModelIntegratedComponent:63 - No mode defined for component null
2024-05-04 12:29:21,394 [WARN] ModelIntegratedComponent:63 - No mode defined for component null
2024-05-04 12:29:21,394 [WARN] ModelIntegratedComponent:63 - No mode defined for component null
2024-05-04 12:29:21,394 [WARN] ModelIntegratedComponent:63 - No mode defined for component null
2024-05-04 12:29:21,394 [WARN] ModelIntegratedComponent:63 - No mode defined for component null
2024-05-04 12:29:21,394 [WARN] ModelIntegratedComponent:63 - No mode defined for component null
2024-05-04 12:29:21,394 [WARN] ModelIntegratedComponent:63 - No mode defined for component null
2024-05-04 12:29:21,394 [WARN] ModelIntegratedComponent:63 - No mode defined for component null
2024-05-04 12:29:21,394 [WARN] ModelIntegratedComponent:63 - No mode defined for component null
2024-05-04 12:29:21,394 [WARN] ModelIntegratedComponent:63 - No mode defined for component null
2024-05-04 12:29:21,394 [WARN] ModelIntegratedComponent:63 - No mode defined for component null
2024-05-04 12:29:21,394 [WARN] ModelIntegratedComponent:63 - No mode defined for component null
2024-05-04 12:29:21,394 [WARN] ModelIntegratedComponent:63 - No mode defined for component null
2024-05-04 12:29:21,394 [WARN] ModelIntegratedComponent:63 - No mode defined for component null
2024-05-04 12:29:21,394 [WARN] ModelIntegratedComponent:63 - No mode defined for component null
2024-05-04 12:29:21,394 [WARN] ModelIntegratedComponent:63 - No mode defined for component null
2024-05-04 12:29:21,394 [WARN] ModelIntegratedComponent:63 - No mode defined for component null
2024-05-04 12:29:21,394 [WARN] ModelIntegratedComponent:63 - No mode defined for component null
2024-05-04 12:29:21,394 [WARN] ModelIntegratedComponent:63 - No mode defined for component null
2024-05-04 12:29:21,394 [WARN] ModelIntegratedComponent:63 - No mode defined for component null
2024-05-04 12:29:21,609 [INFO] ThirdPartyModel:298 - Start build external matchings
2024-05-04 12:29:24,010 [INFO] ThirdPartyModel:316 - End build external matchings
2024-05-04 12:29:24,058 [INFO] ImportTextPane:194 - (OptionalMessage_ERROR) IP (RCC) : Parameter (ADCFreqValue) has invalid value (36000000)
2024-05-04 12:29:24,058 [INFO] ImportTextPane:194 - (OptionalMessage_ERROR) IP (RCC) : Invalid parameter (FamilyName)
2024-05-04 12:29:24,058 [INFO] ImportTextPane:194 - (OptionalMessage_ERROR) IP (RCC) : Parameter (MCOFreq_Value) has invalid value (72000000)
2024-05-04 12:29:24,058 [INFO] ImportTextPane:194 - (OptionalMessage_ERROR) IP (RCC) : Parameter (USBFreq_Value) has invalid value (72000000)
2024-05-04 12:29:24,311 [INFO] UtilMem:75 - End LoadConfig() Used Memory: 853458352 Bytes (1073741824)
2024-05-04 12:29:24,348 [INFO] MicroXplorer:468 - Change Database Path : 
2024-05-04 12:29:24,349 [INFO] MicroXplorer:498 - Change Database Version : DB.6.0.100
2024-05-04 12:29:24,349 [WARN] ThirdParty:833 - waiting for thirdparty lock release [change project]
2024-05-04 12:29:24,349 [INFO] ThirdParty:835 - entering critical section [change project]
2024-05-04 12:29:24,349 [INFO] ThirdParty:1030 - CMSIS Pack Vendor :STMicroelectronics USBPD 4.1
2024-05-04 12:29:24,349 [INFO] ThirdParty:1030 - CMSIS Pack Vendor :STMicroelectronics X-CUBE-GNSS1 6.0.0
2024-05-04 12:29:24,349 [INFO] ThirdParty:1030 - CMSIS Pack Vendor :STMicroelectronics USB_HOST 2.0.0
2024-05-04 12:29:24,349 [INFO] ThirdParty:1030 - CMSIS Pack Vendor :STMicroelectronics FP-SNS-MOTENVWB1 1.4.0
2024-05-04 12:29:24,349 [INFO] ThirdParty:1030 - CMSIS Pack Vendor :STMicroelectronics X-CUBE-AZRTOS-F4 1.1.0
2024-05-04 12:29:24,349 [INFO] ThirdParty:1030 - CMSIS Pack Vendor :STMicroelectronics LIBJPEG 8.0.0
2024-05-04 12:29:24,349 [INFO] ThirdParty:1030 - CMSIS Pack Vendor :STMicroelectronics X-CUBE-SMBUS 2.1.0
2024-05-04 12:29:24,349 [INFO] ThirdParty:1030 - CMSIS Pack Vendor :STMicroelectronics X-CUBE-FREERTOS 1.2.0
2024-05-04 12:29:24,349 [INFO] ThirdParty:1030 - CMSIS Pack Vendor :STMicroelectronics X-CUBE-TOUCHGFX 4.23.1
2024-05-04 12:29:24,349 [INFO] ThirdParty:1030 - CMSIS Pack Vendor :STMicroelectronics X-CUBE-TOUCHGFX 4.23.0
2024-05-04 12:29:24,349 [INFO] ThirdParty:1030 - CMSIS Pack Vendor :STMicroelectronics X-CUBE-MEMS1 9.2.0
2024-05-04 12:29:24,349 [INFO] ThirdParty:1030 - CMSIS Pack Vendor :STMicroelectronics X-CUBE-BLEMGR 1.2.0
2024-05-04 12:29:24,349 [INFO] ThirdParty:1030 - CMSIS Pack Vendor :STMicroelectronics X-CUBE-TOUCHGFX 4.23.2
2024-05-04 12:29:24,349 [INFO] ThirdParty:1030 - CMSIS Pack Vendor :STMicroelectronics X-CUBE-AZRTOS-F7 1.1.0
2024-05-04 12:29:24,349 [INFO] ThirdParty:1030 - CMSIS Pack Vendor :STMicroelectronics X-CUBE-AZRTOS-L5 2.0.0
2024-05-04 12:29:24,349 [INFO] ThirdParty:1030 - CMSIS Pack Vendor :STMicroelectronics USB_DEVICE 2.0.0
2024-05-04 12:29:24,349 [INFO] ThirdParty:1030 - CMSIS Pack Vendor :STMicroelectronics X-CUBE-MEMS1 9.6.0
2024-05-04 12:29:24,349 [INFO] ThirdParty:1030 - CMSIS Pack Vendor :STMicroelectronics X-CUBE-EEPRMA1 4.2.0
2024-05-04 12:29:24,349 [INFO] ThirdParty:1030 - CMSIS Pack Vendor :STMicroelectronics X-CUBE-NFC6 3.1.0
2024-05-04 12:29:24,349 [INFO] ThirdParty:1030 - CMSIS Pack Vendor :ITTIA_DB I-CUBE-ITTIADB 8.8.0
2024-05-04 12:29:24,349 [INFO] ThirdParty:1030 - CMSIS Pack Vendor :STMicroelectronics X-CUBE-AI 7.1.0
2024-05-04 12:29:24,349 [INFO] ThirdParty:1030 - CMSIS Pack Vendor :STMicroelectronics X-CUBE-TOUCHGFX 4.19.1
2024-05-04 12:29:24,349 [INFO] ThirdParty:1030 - CMSIS Pack Vendor :STMicroelectronics FP-SNS-MOTENV1 4.3.2
2024-05-04 12:29:24,349 [INFO] ThirdParty:1030 - CMSIS Pack Vendor :STMicroelectronics FP-SNS-FLIGHT1 5.0.1
2024-05-04 12:29:24,349 [INFO] ThirdParty:1030 - CMSIS Pack Vendor :STMicroelectronics X-CUBE-BLE1 6.2.3
2024-05-04 12:29:24,349 [INFO] ThirdParty:1030 - CMSIS Pack Vendor :STMicroelectronics X-CUBE-BLE1 6.2.4
2024-05-04 12:29:24,349 [INFO] ThirdParty:1030 - CMSIS Pack Vendor :STMicroelectronics FreeRTOS 0.0.1
2024-05-04 12:29:24,349 [INFO] ThirdParty:1030 - CMSIS Pack Vendor :STMicroelectronics X-CUBE-BLEMGR 2.0.0
2024-05-04 12:29:24,349 [INFO] ThirdParty:1030 - CMSIS Pack Vendor :STMicroelectronics FP-SNS-FLIGHT1 5.0.2
2024-05-04 12:29:24,349 [INFO] ThirdParty:1030 - CMSIS Pack Vendor :STMicroelectronics X-CUBE-NFC4 2.0.5
2024-05-04 12:29:24,349 [INFO] ThirdParty:1030 - CMSIS Pack Vendor :STMicroelectronics X-CUBE-BLE2 3.2.2
2024-05-04 12:29:24,349 [INFO] ThirdParty:1030 - CMSIS Pack Vendor :STMicroelectronics X-CUBE-NFC4 2.0.4
2024-05-04 12:29:24,349 [INFO] ThirdParty:1030 - CMSIS Pack Vendor :STMicroelectronics X-CUBE-AI 9.0.0
2024-05-04 12:29:24,349 [INFO] ThirdParty:1030 - CMSIS Pack Vendor :STMicroelectronics X-CUBE-AZRTOS-H7 3.1.0
2024-05-04 12:29:24,349 [INFO] ThirdParty:1030 - CMSIS Pack Vendor :STMicroelectronics PDM2PCM 3.3.0
2024-05-04 12:29:24,349 [INFO] ThirdParty:1030 - CMSIS Pack Vendor :STMicroelectronics X-CUBE-TOF1 3.1.0
2024-05-04 12:29:24,349 [INFO] ThirdParty:1030 - CMSIS Pack Vendor :STMicroelectronics X-CUBE-SFXS2LP1 3.1.0
2024-05-04 12:29:24,349 [INFO] ThirdParty:1030 - CMSIS Pack Vendor :STMicroelectronics X-CUBE-DISPLAY 3.0.0
2024-05-04 12:29:24,350 [INFO] ThirdParty:1030 - CMSIS Pack Vendor :STMicroelectronics X-CUBE-AZRTOS-F4 1.0.0
2024-05-04 12:29:24,350 [INFO] ThirdParty:1030 - CMSIS Pack Vendor :STMicroelectronics X-CUBE-BLE1 7.0.0
2024-05-04 12:29:24,350 [INFO] ThirdParty:1030 - CMSIS Pack Vendor :wolfSSL I-CUBE-wolfSSL 5.5.0
2024-05-04 12:29:24,350 [INFO] ThirdParty:1030 - CMSIS Pack Vendor :STMicroelectronics HAL Drivers 0.0.0
2024-05-04 12:29:24,350 [INFO] ThirdParty:1030 - CMSIS Pack Vendor :STMicroelectronics X-CUBE-TOUCHGFX 4.22.0
2024-05-04 12:29:24,350 [INFO] ThirdParty:1030 - CMSIS Pack Vendor :STMicroelectronics X-CUBE-NFC7 1.0.1
2024-05-04 12:29:24,350 [INFO] ThirdParty:1030 - CMSIS Pack Vendor :STMicroelectronics MBEDTLS 2.14.1
2024-05-04 12:29:24,350 [INFO] ThirdParty:1030 - CMSIS Pack Vendor :STMicroelectronics X-CUBE-NFC7 1.0.0
2024-05-04 12:29:24,359 [INFO] ThirdParty:1030 - CMSIS Pack Vendor :STMicroelectronics X-CUBE-TOUCHGFX 4.22.1
2024-05-04 12:29:24,359 [INFO] ThirdParty:1030 - CMSIS Pack Vendor :STMicroelectronics X-CUBE-NFC6 3.0.0
2024-05-04 12:29:24,359 [INFO] ThirdParty:1030 - CMSIS Pack Vendor :STMicroelectronics X-CUBE-MEMS1 9.3.0
2024-05-04 12:29:24,359 [INFO] ThirdParty:1030 - CMSIS Pack Vendor :STMicroelectronics X-CUBE-EEPRMA1 4.1.0
2024-05-04 12:29:24,359 [INFO] ThirdParty:1030 - CMSIS Pack Vendor :STMicroelectronics X-CUBE-AI 7.2.0
2024-05-04 12:29:24,359 [INFO] ThirdParty:1030 - CMSIS Pack Vendor :STMicroelectronics X-CUBE-BLEMGR 3.1.0
2024-05-04 12:29:24,359 [INFO] ThirdParty:1030 - CMSIS Pack Vendor :STMicroelectronics FP-SNS-SMARTAG2 1.2.0
2024-05-04 12:29:24,359 [INFO] ThirdParty:1030 - CMSIS Pack Vendor :STMicroelectronics X-CUBE-AZRTOS-WL 2.0.0
2024-05-04 12:29:24,359 [INFO] ThirdParty:1030 - CMSIS Pack Vendor :STMicroelectronics FP-SNS-MOTENV1 5.0.0
2024-05-04 12:29:24,359 [INFO] ThirdParty:1030 - CMSIS Pack Vendor :STMicroelectronics USB_DEVICE 1.0.0
2024-05-04 12:29:24,359 [INFO] ThirdParty:1030 - CMSIS Pack Vendor :STMicroelectronics X-CUBE-AI 8.1.0
2024-05-04 12:29:24,359 [INFO] ThirdParty:1030 - CMSIS Pack Vendor :STMicroelectronics X-CUBE-AZRTOS-G0 1.0.0
2024-05-04 12:29:24,359 [INFO] ThirdParty:1030 - CMSIS Pack Vendor :STMicroelectronics X-CUBE-AZRTOS-L4 2.0.0
2024-05-04 12:29:24,359 [INFO] ThirdParty:1030 - CMSIS Pack Vendor :STMicroelectronics ThreadX 0.0.2
2024-05-04 12:29:24,359 [INFO] ThirdParty:1030 - CMSIS Pack Vendor :WES I-CUBE-Cesium 1.3.0
2024-05-04 12:29:24,359 [INFO] ThirdParty:1030 - CMSIS Pack Vendor :STMicroelectronics lwIP 2.1.2
2024-05-04 12:29:24,359 [INFO] ThirdParty:1030 - CMSIS Pack Vendor :STMicroelectronics X-CUBE-SFXS2LP1 4.0.0
2024-05-04 12:29:24,359 [INFO] ThirdParty:1030 - CMSIS Pack Vendor :STMicroelectronics X-CUBE-BLE2 3.3.0
2024-05-04 12:29:24,359 [INFO] ThirdParty:1030 - CMSIS Pack Vendor :STMicroelectronics X-CUBE-DISPLAY 2.2.0
2024-05-04 12:29:24,359 [INFO] ThirdParty:1030 - CMSIS Pack Vendor :STMicroelectronics X-CUBE-TOF1 3.2.0
2024-05-04 12:29:24,359 [INFO] ThirdParty:1030 - CMSIS Pack Vendor :STMicroelectronics PDM2PCM 3.2.0
2024-05-04 12:29:24,359 [INFO] ThirdParty:1030 - CMSIS Pack Vendor :STMicroelectronics X-CUBE-AZRTOS-H7 3.0.0
2024-05-04 12:29:24,359 [INFO] ThirdParty:1030 - CMSIS Pack Vendor :STMicroelectronics X-CUBE-ISPU 1.0.0
2024-05-04 12:29:24,359 [INFO] ThirdParty:1030 - CMSIS Pack Vendor :STMicroelectronics X-CUBE-ISPU 1.1.0
2024-05-04 12:29:24,359 [INFO] ThirdParty:1030 - CMSIS Pack Vendor :RoweBots I-CUBE-UNISONRTOS 5.5.0-4
2024-05-04 12:29:24,359 [INFO] ThirdParty:1030 - CMSIS Pack Vendor :STMicroelectronics X-CUBE-AZRTOS-H7 2.1.0
2024-05-04 12:29:24,359 [INFO] ThirdParty:1030 - CMSIS Pack Vendor :STMicroelectronics USB_DEVICE 3.0.0
2024-05-04 12:29:24,359 [INFO] ThirdParty:1030 - CMSIS Pack Vendor :STMicroelectronics X-CUBE-TCPP 4.1.0
2024-05-04 12:29:24,359 [INFO] ThirdParty:1030 - CMSIS Pack Vendor :STMicroelectronics X-CUBE-AI 8.0.0
2024-05-04 12:29:24,359 [INFO] ThirdParty:1030 - CMSIS Pack Vendor :STMicroelectronics X-CUBE-AZRTOS-WB 2.0.0
2024-05-04 12:29:24,359 [INFO] ThirdParty:1030 - CMSIS Pack Vendor :STMicroelectronics X-CUBE-FREERTOS 1.0.0
2024-05-04 12:29:24,359 [INFO] ThirdParty:1030 - CMSIS Pack Vendor :STMicroelectronics X-CUBE-FREERTOS 1.0.1
2024-05-04 12:29:24,359 [INFO] ThirdParty:1030 - CMSIS Pack Vendor :STMicroelectronics X-CUBE-TOUCHGFX 4.21.1
2024-05-04 12:29:24,359 [INFO] ThirdParty:1030 - CMSIS Pack Vendor :STMicroelectronics X-CUBE-TOUCHGFX 4.21.3
2024-05-04 12:29:24,359 [INFO] ThirdParty:1030 - CMSIS Pack Vendor :STMicroelectronics X-CUBE-BLEMGR 1.0.0
2024-05-04 12:29:24,359 [INFO] ThirdParty:1030 - CMSIS Pack Vendor :STMicroelectronics X-CUBE-MEMS1 9.4.0
2024-05-04 12:29:24,360 [INFO] ThirdParty:1030 - CMSIS Pack Vendor :STMicroelectronics X-CUBE-AI 7.3.0
2024-05-04 12:29:24,360 [INFO] ThirdParty:1030 - CMSIS Pack Vendor :STMicroelectronics X-CUBE-ALGOBUILD 1.3.0
2024-05-04 12:29:24,360 [INFO] ThirdParty:1030 - CMSIS Pack Vendor :STMicroelectronics X-CUBE-AZRTOS-L5 1.1.0
2024-05-04 12:29:24,360 [INFO] ThirdParty:1030 - CMSIS Pack Vendor :STMicroelectronics X-CUBE-AZRTOS-G0 1.1.0
2024-05-04 12:29:24,360 [INFO] ThirdParty:1030 - CMSIS Pack Vendor :STMicroelectronics X-CUBE-AI 8.0.1
2024-05-04 12:29:24,360 [INFO] ThirdParty:1030 - CMSIS Pack Vendor :STMicroelectronics X-CUBE-SAFEA1 1.2.2
2024-05-04 12:29:24,360 [INFO] ThirdParty:1030 - CMSIS Pack Vendor :STMicroelectronics X-CUBE-NFC4 3.0.0
2024-05-04 12:29:24,360 [INFO] ThirdParty:1030 - CMSIS Pack Vendor :SEGGER I-CUBE-embOS 1.2.0
2024-05-04 12:29:24,360 [INFO] ThirdParty:1030 - CMSIS Pack Vendor :STMicroelectronics X-CUBE-SUBG2 5.0.0
2024-05-04 12:29:24,360 [INFO] ThirdParty:1030 - CMSIS Pack Vendor :STMicroelectronics STM32_WPAN 1.0.0
2024-05-04 12:29:24,360 [INFO] ThirdParty:1030 - CMSIS Pack Vendor :STMicroelectronics lwIP 2.0.3
2024-05-04 12:29:24,360 [INFO] ThirdParty:1030 - CMSIS Pack Vendor :STMicroelectronics USB_HOST 1.0.0
2024-05-04 12:29:24,360 [INFO] ThirdParty:1030 - CMSIS Pack Vendor :STMicroelectronics X-CUBE-TOF1 3.3.1
2024-05-04 12:29:24,360 [INFO] ThirdParty:1030 - CMSIS Pack Vendor :STMicroelectronics X-CUBE-AZRTOS-G4 2.0.0
2024-05-04 12:29:24,360 [INFO] ThirdParty:1030 - CMSIS Pack Vendor :STMicroelectronics PDM2PCM 3.1.0
2024-05-04 12:29:24,360 [INFO] ThirdParty:1030 - CMSIS Pack Vendor :STMicroelectronics X-CUBE-TOF1 3.3.0
2024-05-04 12:29:24,360 [INFO] ThirdParty:1030 - CMSIS Pack Vendor :STMicroelectronics FP-ATR-ASTRA1 1.1.1
2024-05-04 12:29:24,360 [INFO] ThirdParty:1030 - CMSIS Pack Vendor :Infineon AIROC-Wi-Fi-Bluetooth-STM32 1.5.1
2024-05-04 12:29:24,360 [INFO] ThirdParty:1030 - CMSIS Pack Vendor :STMicroelectronics X-CUBE-BLEMGR 3.0.0
2024-05-04 12:29:24,360 [INFO] ThirdParty:1030 - CMSIS Pack Vendor :STMicroelectronics X-CUBE-BLEMGR 1.3.0
2024-05-04 12:29:24,360 [INFO] ThirdParty:1030 - CMSIS Pack Vendor :STMicroelectronics FP-SNS-MOTENVWB1 1.3.0
2024-05-04 12:29:24,360 [INFO] ThirdParty:1030 - CMSIS Pack Vendor :STMicroelectronics FP-SNS-MOTENVWB1 1.3.1
2024-05-04 12:29:24,360 [INFO] ThirdParty:1030 - CMSIS Pack Vendor :STMicroelectronics FP-ATR-SIGFOX1 3.2.0
2024-05-04 12:29:24,360 [INFO] ThirdParty:1030 - CMSIS Pack Vendor :STMicroelectronics X-CUBE-AZRTOS-G4 1.0.0
2024-05-04 12:29:24,360 [INFO] ThirdParty:1030 - CMSIS Pack Vendor :STMicroelectronics X-CUBE-AZRTOS-L4 1.0.0
2024-05-04 12:29:24,360 [INFO] ThirdParty:1030 - CMSIS Pack Vendor :STMicroelectronics X-CUBE-ISPU 2.0.0
2024-05-04 12:29:24,360 [INFO] ThirdParty:1030 - CMSIS Pack Vendor :STMicroelectronics X-CUBE-EEPRMA1 5.1.0
2024-05-04 12:29:24,360 [INFO] ThirdParty:1030 - CMSIS Pack Vendor :STMicroelectronics MBEDTLS 2.16.2
2024-05-04 12:29:24,360 [INFO] ThirdParty:1030 - CMSIS Pack Vendor :emotas I-CUBE-CANOPEN 1.1.2
2024-05-04 12:29:24,360 [INFO] ThirdParty:1030 - CMSIS Pack Vendor :STMicroelectronics X-CUBE-TOUCHGFX 4.20.0
2024-05-04 12:29:24,360 [INFO] ThirdParty:1030 - CMSIS Pack Vendor :STMicroelectronics X-CUBE-MEMS1 10.0.0
2024-05-04 12:29:24,360 [INFO] ThirdParty:1030 - CMSIS Pack Vendor :STMicroelectronics X-CUBE-FREERTOS 1.1.0
2024-05-04 12:29:24,360 [INFO] ThirdParty:1030 - CMSIS Pack Vendor :STMicroelectronics X-CUBE-AZRTOS-F7 1.0.0
2024-05-04 12:29:24,360 [INFO] ThirdParty:1030 - CMSIS Pack Vendor :STMicroelectronics X-CUBE-AZRTOS-WL 1.0.0
2024-05-04 12:29:24,360 [INFO] ThirdParty:1030 - CMSIS Pack Vendor :STMicroelectronics X-CUBE-ALS 1.0.1
2024-05-04 12:29:24,360 [INFO] ThirdParty:1030 - CMSIS Pack Vendor :STMicroelectronics X-CUBE-MEMS1 9.5.0
2024-05-04 12:29:24,360 [INFO] ThirdParty:1030 - CMSIS Pack Vendor :STMicroelectronics ThreadX 1.0.0
2024-05-04 12:29:24,360 [INFO] ThirdParty:1030 - CMSIS Pack Vendor :STMicroelectronics X-CUBE-AZRTOS-WB 1.1.0
2024-05-04 12:29:24,360 [INFO] ThirdParty:1030 - CMSIS Pack Vendor :SEGGER I-CUBE-embOS 1.3.1
2024-05-04 12:29:24,360 [INFO] ThirdParty:1030 - CMSIS Pack Vendor :STMicroelectronics X-CUBE-AZRTOS-L5 1.0.0
2024-05-04 12:29:24,360 [INFO] ThirdParty:1030 - CMSIS Pack Vendor :STMicroelectronics X-CUBE-EEPRMA1 3.1.1
2024-05-04 12:29:24,360 [INFO] ThirdParty:1030 - CMSIS Pack Vendor :STMicroelectronics X-CUBE-AZRTOS-H7RS 1.0.0
2024-05-04 12:29:24,360 [INFO] ThirdParty:1030 - CMSIS Pack Vendor :STMicroelectronics X-CUBE-GNSS1 5.2.0
2024-05-04 12:29:24,360 [INFO] ThirdParty:1030 - CMSIS Pack Vendor :STMicroelectronics FP-ATR-ASTRA1 2.0.0
2024-05-04 12:29:24,360 [INFO] ThirdParty:1030 - CMSIS Pack Vendor :STMicroelectronics X-CUBE-TOF1 3.4.0
2024-05-04 12:29:24,360 [INFO] ThirdParty:1030 - CMSIS Pack Vendor :STMicroelectronics X-CUBE-TOF1 3.4.1
2024-05-04 12:29:24,360 [INFO] ThirdParty:1030 - CMSIS Pack Vendor :STMicroelectronics X-CUBE-AZRTOS-H7 3.2.0
2024-05-04 12:29:24,360 [INFO] ThirdParty:1030 - CMSIS Pack Vendor :STMicroelectronics X-CUBE-TOF1 3.0.0
2024-05-04 12:29:24,361 [INFO] ThirdParty:841 - exiting critical section [change project]
2024-05-04 12:29:24,431 [INFO] PinOutPanel:1499 - setPackage(No Configuration,No Configuration)
2024-05-04 12:29:24,431 [INFO] PinOutPanel:1499 - setPackage(STM32F103VETx,LQFP100)
2024-05-04 12:29:24,699 [INFO] UtilMem:75 - Before build in PCC Used Memory: 850825576 Bytes (1073741824)
2024-05-04 12:29:24,835 [INFO] UtilMem:75 - After build in PCC Used Memory: 893817192 Bytes (1073741824)
2024-05-04 12:29:24,849 [INFO] IPUIPlugin:80 - create IPUIPlugin
2024-05-04 12:29:24,849 [INFO] IPUIPlugin:80 - create IPUIPlugin
2024-05-04 12:29:24,849 [INFO] IPUIPlugin:80 - create IPUIPlugin
2024-05-04 12:29:24,849 [INFO] IPUIPlugin:80 - create IPUIPlugin
2024-05-04 12:29:24,850 [INFO] IPUIPlugin:80 - create IPUIPlugin
2024-05-04 12:29:24,850 [INFO] IPUIPlugin:80 - create IPUIPlugin
2024-05-04 12:29:24,850 [INFO] IPUIPlugin:80 - create IPUIPlugin
2024-05-04 12:29:24,850 [INFO] IPUIPlugin:80 - create IPUIPlugin
2024-05-04 12:29:24,850 [INFO] IPUIPlugin:80 - create IPUIPlugin
2024-05-04 12:29:24,850 [INFO] IPUIPlugin:80 - create IPUIPlugin
2024-05-04 12:29:24,850 [INFO] IPUIPlugin:80 - create IPUIPlugin
2024-05-04 12:29:24,850 [INFO] IPUIPlugin:80 - create IPUIPlugin
2024-05-04 12:29:24,850 [INFO] IPUIPlugin:80 - create IPUIPlugin
2024-05-04 12:29:24,850 [INFO] IPUIPlugin:80 - create IPUIPlugin
2024-05-04 12:29:24,850 [INFO] IPUIPlugin:80 - create IPUIPlugin
2024-05-04 12:29:24,850 [INFO] IPUIPlugin:80 - create IPUIPlugin
2024-05-04 12:29:24,850 [INFO] IPUIPlugin:80 - create IPUIPlugin
2024-05-04 12:29:24,850 [INFO] IPUIPlugin:80 - create IPUIPlugin
2024-05-04 12:29:24,850 [INFO] IPUIPlugin:80 - create IPUIPlugin
2024-05-04 12:29:24,850 [INFO] IPUIPlugin:80 - create IPUIPlugin
2024-05-04 12:29:24,851 [INFO] IPUIPlugin:80 - create IPUIPlugin
2024-05-04 12:29:24,851 [INFO] IPUIPlugin:80 - create IPUIPlugin
2024-05-04 12:29:24,851 [INFO] IPUIPlugin:80 - create IPUIPlugin
2024-05-04 12:29:24,851 [INFO] IPUIPlugin:80 - create IPUIPlugin
2024-05-04 12:29:24,851 [INFO] IPUIPlugin:80 - create IPUIPlugin
2024-05-04 12:29:24,851 [INFO] IPUIPlugin:80 - create IPUIPlugin
2024-05-04 12:29:24,851 [INFO] IPUIPlugin:80 - create IPUIPlugin
2024-05-04 12:29:24,851 [INFO] IPUIPlugin:80 - create IPUIPlugin
2024-05-04 12:29:24,851 [INFO] IPUIPlugin:80 - create IPUIPlugin
2024-05-04 12:29:24,851 [INFO] IPUIPlugin:80 - create IPUIPlugin
2024-05-04 12:29:24,852 [INFO] IPUIPlugin:80 - create IPUIPlugin
2024-05-04 12:29:24,852 [INFO] IPUIPlugin:80 - create IPUIPlugin
2024-05-04 12:29:24,852 [INFO] IPUIPlugin:80 - create IPUIPlugin
2024-05-04 12:29:24,852 [INFO] IPUIPlugin:80 - create IPUIPlugin
2024-05-04 12:29:24,852 [INFO] IPUIPlugin:80 - create IPUIPlugin
2024-05-04 12:29:24,852 [INFO] IPUIPlugin:80 - create IPUIPlugin
2024-05-04 12:29:24,852 [INFO] IPUIPlugin:80 - create IPUIPlugin
2024-05-04 12:29:24,852 [INFO] IPUIPlugin:80 - create IPUIPlugin
2024-05-04 12:29:24,853 [INFO] IPUIPlugin:80 - create IPUIPlugin
2024-05-04 12:29:24,853 [INFO] IPUIPlugin:80 - create IPUIPlugin
2024-05-04 12:29:24,910 [INFO] CADModel:165 - CPN selected for project levelSTM32F103VET6
2024-05-04 12:29:24,910 [INFO] CADModel:114 - Register for checkConnection events
2024-05-04 12:29:24,965 [INFO] OpenFileManager:343 - Restore cursor
2024-05-04 12:30:29,873 [INFO] NvicIntPanel:101 - NVIC parent = com.st.microxplorer.plugins.ip.nvic.MultiNvicIntPanel[,0,0,450x373,layout=javax.swing.BoxLayout,alignmentX=0.0,alignmentY=0.0,border=,flags=9,maximumSize=,minimumSize=,preferredSize=]
