11:25:48 **** Incremental Build of configuration Debug for project try ****
make -j16 all 
arm-none-eabi-gcc -mcpu=cortex-m3 -g3 -DDEBUG -c -x assembler-with-cpp -MMD -MP -MF"Core/Startup/startup_stm32f103vetx.d" -MT"Core/Startup/startup_stm32f103vetx.o" --specs=nano.specs -mfloat-abi=soft -mthumb -o "Core/Startup/startup_stm32f103vetx.o" "../Core/Startup/startup_stm32f103vetx.s"
arm-none-eabi-gcc "../Core/Src/fsmc.c" -mcpu=cortex-m3 -std=gnu11 -g3 -DDEBUG -DUSE_HAL_DRIVER -DSTM32F103xE -c -I../Core/Inc -I../BSP/LED -I../BSP/KEY -I../BSP/LCD -I../../../libraries/Drivers/STM32F1xx_HAL_Driver/Inc/Legacy -I../../../libraries/Drivers/STM32F1xx_HAL_Driver/Inc -I../../../libraries/Drivers/CMSIS/Device/ST/STM32F1xx/Include -I../../../libraries/Drivers/CMSIS/Include -O0 -ffunction-sections -fdata-sections -Wall -fstack-usage -fcyclomatic-complexity -MMD -MP -MF"Core/Src/fsmc.d" -MT"Core/Src/fsmc.o" --specs=nano.specs -mfloat-abi=soft -mthumb -o "Core/Src/fsmc.o"
arm-none-eabi-gcc "../Core/Src/gpio.c" -mcpu=cortex-m3 -std=gnu11 -g3 -DDEBUG -DUSE_HAL_DRIVER -DSTM32F103xE -c -I../Core/Inc -I../BSP/LED -I../BSP/KEY -I../BSP/LCD -I../../../libraries/Drivers/STM32F1xx_HAL_Driver/Inc/Legacy -I../../../libraries/Drivers/STM32F1xx_HAL_Driver/Inc -I../../../libraries/Drivers/CMSIS/Device/ST/STM32F1xx/Include -I../../../libraries/Drivers/CMSIS/Include -O0 -ffunction-sections -fdata-sections -Wall -fstack-usage -fcyclomatic-complexity -MMD -MP -MF"Core/Src/gpio.d" -MT"Core/Src/gpio.o" --specs=nano.specs -mfloat-abi=soft -mthumb -o "Core/Src/gpio.o"
arm-none-eabi-gcc "../Core/Src/main.c" -mcpu=cortex-m3 -std=gnu11 -g3 -DDEBUG -DUSE_HAL_DRIVER -DSTM32F103xE -c -I../Core/Inc -I../BSP/LED -I../BSP/KEY -I../BSP/LCD -I../../../libraries/Drivers/STM32F1xx_HAL_Driver/Inc/Legacy -I../../../libraries/Drivers/STM32F1xx_HAL_Driver/Inc -I../../../libraries/Drivers/CMSIS/Device/ST/STM32F1xx/Include -I../../../libraries/Drivers/CMSIS/Include -O0 -ffunction-sections -fdata-sections -Wall -fstack-usage -fcyclomatic-complexity -MMD -MP -MF"Core/Src/main.d" -MT"Core/Src/main.o" --specs=nano.specs -mfloat-abi=soft -mthumb -o "Core/Src/main.o"
arm-none-eabi-gcc "../Core/Src/rtc.c" -mcpu=cortex-m3 -std=gnu11 -g3 -DDEBUG -DUSE_HAL_DRIVER -DSTM32F103xE -c -I../Core/Inc -I../BSP/LED -I../BSP/KEY -I../BSP/LCD -I../../../libraries/Drivers/STM32F1xx_HAL_Driver/Inc/Legacy -I../../../libraries/Drivers/STM32F1xx_HAL_Driver/Inc -I../../../libraries/Drivers/CMSIS/Device/ST/STM32F1xx/Include -I../../../libraries/Drivers/CMSIS/Include -O0 -ffunction-sections -fdata-sections -Wall -fstack-usage -fcyclomatic-complexity -MMD -MP -MF"Core/Src/rtc.d" -MT"Core/Src/rtc.o" --specs=nano.specs -mfloat-abi=soft -mthumb -o "Core/Src/rtc.o"
arm-none-eabi-gcc "../Core/Src/stm32f1xx_hal_msp.c" -mcpu=cortex-m3 -std=gnu11 -g3 -DDEBUG -DUSE_HAL_DRIVER -DSTM32F103xE -c -I../Core/Inc -I../BSP/LED -I../BSP/KEY -I../BSP/LCD -I../../../libraries/Drivers/STM32F1xx_HAL_Driver/Inc/Legacy -I../../../libraries/Drivers/STM32F1xx_HAL_Driver/Inc -I../../../libraries/Drivers/CMSIS/Device/ST/STM32F1xx/Include -I../../../libraries/Drivers/CMSIS/Include -O0 -ffunction-sections -fdata-sections -Wall -fstack-usage -fcyclomatic-complexity -MMD -MP -MF"Core/Src/stm32f1xx_hal_msp.d" -MT"Core/Src/stm32f1xx_hal_msp.o" --specs=nano.specs -mfloat-abi=soft -mthumb -o "Core/Src/stm32f1xx_hal_msp.o"
arm-none-eabi-gcc "../Core/Src/stm32f1xx_it.c" -mcpu=cortex-m3 -std=gnu11 -g3 -DDEBUG -DUSE_HAL_DRIVER -DSTM32F103xE -c -I../Core/Inc -I../BSP/LED -I../BSP/KEY -I../BSP/LCD -I../../../libraries/Drivers/STM32F1xx_HAL_Driver/Inc/Legacy -I../../../libraries/Drivers/STM32F1xx_HAL_Driver/Inc -I../../../libraries/Drivers/CMSIS/Device/ST/STM32F1xx/Include -I../../../libraries/Drivers/CMSIS/Include -O0 -ffunction-sections -fdata-sections -Wall -fstack-usage -fcyclomatic-complexity -MMD -MP -MF"Core/Src/stm32f1xx_it.d" -MT"Core/Src/stm32f1xx_it.o" --specs=nano.specs -mfloat-abi=soft -mthumb -o "Core/Src/stm32f1xx_it.o"
arm-none-eabi-gcc "../Core/Src/syscalls.c" -mcpu=cortex-m3 -std=gnu11 -g3 -DDEBUG -DUSE_HAL_DRIVER -DSTM32F103xE -c -I../Core/Inc -I../BSP/LED -I../BSP/KEY -I../BSP/LCD -I../../../libraries/Drivers/STM32F1xx_HAL_Driver/Inc/Legacy -I../../../libraries/Drivers/STM32F1xx_HAL_Driver/Inc -I../../../libraries/Drivers/CMSIS/Device/ST/STM32F1xx/Include -I../../../libraries/Drivers/CMSIS/Include -O0 -ffunction-sections -fdata-sections -Wall -fstack-usage -fcyclomatic-complexity -MMD -MP -MF"Core/Src/syscalls.d" -MT"Core/Src/syscalls.o" --specs=nano.specs -mfloat-abi=soft -mthumb -o "Core/Src/syscalls.o"
arm-none-eabi-gcc "../Core/Src/sysmem.c" -mcpu=cortex-m3 -std=gnu11 -g3 -DDEBUG -DUSE_HAL_DRIVER -DSTM32F103xE -c -I../Core/Inc -I../BSP/LED -I../BSP/KEY -I../BSP/LCD -I../../../libraries/Drivers/STM32F1xx_HAL_Driver/Inc/Legacy -I../../../libraries/Drivers/STM32F1xx_HAL_Driver/Inc -I../../../libraries/Drivers/CMSIS/Device/ST/STM32F1xx/Include -I../../../libraries/Drivers/CMSIS/Include -O0 -ffunction-sections -fdata-sections -Wall -fstack-usage -fcyclomatic-complexity -MMD -MP -MF"Core/Src/sysmem.d" -MT"Core/Src/sysmem.o" --specs=nano.specs -mfloat-abi=soft -mthumb -o "Core/Src/sysmem.o"
arm-none-eabi-gcc "../Core/Src/system_stm32f1xx.c" -mcpu=cortex-m3 -std=gnu11 -g3 -DDEBUG -DUSE_HAL_DRIVER -DSTM32F103xE -c -I../Core/Inc -I../BSP/LED -I../BSP/KEY -I../BSP/LCD -I../../../libraries/Drivers/STM32F1xx_HAL_Driver/Inc/Legacy -I../../../libraries/Drivers/STM32F1xx_HAL_Driver/Inc -I../../../libraries/Drivers/CMSIS/Device/ST/STM32F1xx/Include -I../../../libraries/Drivers/CMSIS/Include -O0 -ffunction-sections -fdata-sections -Wall -fstack-usage -fcyclomatic-complexity -MMD -MP -MF"Core/Src/system_stm32f1xx.d" -MT"Core/Src/system_stm32f1xx.o" --specs=nano.specs -mfloat-abi=soft -mthumb -o "Core/Src/system_stm32f1xx.o"
arm-none-eabi-gcc "../Core/Src/tim.c" -mcpu=cortex-m3 -std=gnu11 -g3 -DDEBUG -DUSE_HAL_DRIVER -DSTM32F103xE -c -I../Core/Inc -I../BSP/LED -I../BSP/KEY -I../BSP/LCD -I../../../libraries/Drivers/STM32F1xx_HAL_Driver/Inc/Legacy -I../../../libraries/Drivers/STM32F1xx_HAL_Driver/Inc -I../../../libraries/Drivers/CMSIS/Device/ST/STM32F1xx/Include -I../../../libraries/Drivers/CMSIS/Include -O0 -ffunction-sections -fdata-sections -Wall -fstack-usage -fcyclomatic-complexity -MMD -MP -MF"Core/Src/tim.d" -MT"Core/Src/tim.o" --specs=nano.specs -mfloat-abi=soft -mthumb -o "Core/Src/tim.o"
arm-none-eabi-gcc "../Core/Src/usart.c" -mcpu=cortex-m3 -std=gnu11 -g3 -DDEBUG -DUSE_HAL_DRIVER -DSTM32F103xE -c -I../Core/Inc -I../BSP/LED -I../BSP/KEY -I../BSP/LCD -I../../../libraries/Drivers/STM32F1xx_HAL_Driver/Inc/Legacy -I../../../libraries/Drivers/STM32F1xx_HAL_Driver/Inc -I../../../libraries/Drivers/CMSIS/Device/ST/STM32F1xx/Include -I../../../libraries/Drivers/CMSIS/Include -O0 -ffunction-sections -fdata-sections -Wall -fstack-usage -fcyclomatic-complexity -MMD -MP -MF"Core/Src/usart.d" -MT"Core/Src/usart.o" --specs=nano.specs -mfloat-abi=soft -mthumb -o "Core/Src/usart.o"
arm-none-eabi-gcc "../BSP/LED/led.c" -mcpu=cortex-m3 -std=gnu11 -g3 -DDEBUG -DUSE_HAL_DRIVER -DSTM32F103xE -c -I../Core/Inc -I../BSP/LED -I../BSP/KEY -I../BSP/LCD -I../../../libraries/Drivers/STM32F1xx_HAL_Driver/Inc/Legacy -I../../../libraries/Drivers/STM32F1xx_HAL_Driver/Inc -I../../../libraries/Drivers/CMSIS/Device/ST/STM32F1xx/Include -I../../../libraries/Drivers/CMSIS/Include -O0 -ffunction-sections -fdata-sections -Wall -fstack-usage -fcyclomatic-complexity -MMD -MP -MF"BSP/LED/led.d" -MT"BSP/LED/led.o" --specs=nano.specs -mfloat-abi=soft -mthumb -o "BSP/LED/led.o"
arm-none-eabi-gcc "../BSP/LCD/lcd.c" -mcpu=cortex-m3 -std=gnu11 -g3 -DDEBUG -DUSE_HAL_DRIVER -DSTM32F103xE -c -I../Core/Inc -I../BSP/LED -I../BSP/KEY -I../BSP/LCD -I../../../libraries/Drivers/STM32F1xx_HAL_Driver/Inc/Legacy -I../../../libraries/Drivers/STM32F1xx_HAL_Driver/Inc -I../../../libraries/Drivers/CMSIS/Device/ST/STM32F1xx/Include -I../../../libraries/Drivers/CMSIS/Include -O0 -ffunction-sections -fdata-sections -Wall -fstack-usage -fcyclomatic-complexity -MMD -MP -MF"BSP/LCD/lcd.d" -MT"BSP/LCD/lcd.o" --specs=nano.specs -mfloat-abi=soft -mthumb -o "BSP/LCD/lcd.o"
arm-none-eabi-gcc "../BSP/KEY/key.c" -mcpu=cortex-m3 -std=gnu11 -g3 -DDEBUG -DUSE_HAL_DRIVER -DSTM32F103xE -c -I../Core/Inc -I../BSP/LED -I../BSP/KEY -I../BSP/LCD -I../../../libraries/Drivers/STM32F1xx_HAL_Driver/Inc/Legacy -I../../../libraries/Drivers/STM32F1xx_HAL_Driver/Inc -I../../../libraries/Drivers/CMSIS/Device/ST/STM32F1xx/Include -I../../../libraries/Drivers/CMSIS/Include -O0 -ffunction-sections -fdata-sections -Wall -fstack-usage -fcyclomatic-complexity -MMD -MP -MF"BSP/KEY/key.d" -MT"BSP/KEY/key.o" --specs=nano.specs -mfloat-abi=soft -mthumb -o "BSP/KEY/key.o"
arm-none-eabi-gcc "../ATK_Middlewares/USMART/usmart.c" -mcpu=cortex-m3 -std=gnu11 -g3 -DDEBUG -DUSE_HAL_DRIVER -DSTM32F103xE -c -I../Core/Inc -I../BSP/LED -I../BSP/KEY -I../BSP/LCD -I../../../libraries/Drivers/STM32F1xx_HAL_Driver/Inc/Legacy -I../../../libraries/Drivers/STM32F1xx_HAL_Driver/Inc -I../../../libraries/Drivers/CMSIS/Device/ST/STM32F1xx/Include -I../../../libraries/Drivers/CMSIS/Include -O0 -ffunction-sections -fdata-sections -Wall -fstack-usage -fcyclomatic-complexity -MMD -MP -MF"ATK_Middlewares/USMART/usmart.d" -MT"ATK_Middlewares/USMART/usmart.o" --specs=nano.specs -mfloat-abi=soft -mthumb -o "ATK_Middlewares/USMART/usmart.o"
arm-none-eabi-gcc "../ATK_Middlewares/USMART/usmart_config.c" -mcpu=cortex-m3 -std=gnu11 -g3 -DDEBUG -DUSE_HAL_DRIVER -DSTM32F103xE -c -I../Core/Inc -I../BSP/LED -I../BSP/KEY -I../BSP/LCD -I../../../libraries/Drivers/STM32F1xx_HAL_Driver/Inc/Legacy -I../../../libraries/Drivers/STM32F1xx_HAL_Driver/Inc -I../../../libraries/Drivers/CMSIS/Device/ST/STM32F1xx/Include -I../../../libraries/Drivers/CMSIS/Include -O0 -ffunction-sections -fdata-sections -Wall -fstack-usage -fcyclomatic-complexity -MMD -MP -MF"ATK_Middlewares/USMART/usmart_config.d" -MT"ATK_Middlewares/USMART/usmart_config.o" --specs=nano.specs -mfloat-abi=soft -mthumb -o "ATK_Middlewares/USMART/usmart_config.o"
arm-none-eabi-gcc "../ATK_Middlewares/USMART/usmart_port.c" -mcpu=cortex-m3 -std=gnu11 -g3 -DDEBUG -DUSE_HAL_DRIVER -DSTM32F103xE -c -I../Core/Inc -I../BSP/LED -I../BSP/KEY -I../BSP/LCD -I../../../libraries/Drivers/STM32F1xx_HAL_Driver/Inc/Legacy -I../../../libraries/Drivers/STM32F1xx_HAL_Driver/Inc -I../../../libraries/Drivers/CMSIS/Device/ST/STM32F1xx/Include -I../../../libraries/Drivers/CMSIS/Include -O0 -ffunction-sections -fdata-sections -Wall -fstack-usage -fcyclomatic-complexity -MMD -MP -MF"ATK_Middlewares/USMART/usmart_port.d" -MT"ATK_Middlewares/USMART/usmart_port.o" --specs=nano.specs -mfloat-abi=soft -mthumb -o "ATK_Middlewares/USMART/usmart_port.o"
arm-none-eabi-gcc "../ATK_Middlewares/USMART/usmart_str.c" -mcpu=cortex-m3 -std=gnu11 -g3 -DDEBUG -DUSE_HAL_DRIVER -DSTM32F103xE -c -I../Core/Inc -I../BSP/LED -I../BSP/KEY -I../BSP/LCD -I../../../libraries/Drivers/STM32F1xx_HAL_Driver/Inc/Legacy -I../../../libraries/Drivers/STM32F1xx_HAL_Driver/Inc -I../../../libraries/Drivers/CMSIS/Device/ST/STM32F1xx/Include -I../../../libraries/Drivers/CMSIS/Include -O0 -ffunction-sections -fdata-sections -Wall -fstack-usage -fcyclomatic-complexity -MMD -MP -MF"ATK_Middlewares/USMART/usmart_str.d" -MT"ATK_Middlewares/USMART/usmart_str.o" --specs=nano.specs -mfloat-abi=soft -mthumb -o "ATK_Middlewares/USMART/usmart_str.o"
../ATK_Middlewares/USMART/usmart_config.c:32:1: warning: missing braces around initializer [-Wmissing-braces]
   32 | {
      | ^
......
   43 |     0,      /* The length of each parameter is temporarily
      |     {
......
   46 | };
      | }
arm-none-eabi-gcc -o "try.elf" @"objects.list"   -mcpu=cortex-m3 -T"F:\CubeIDE\h503_Git\m100-m3-mini-board-stm32f103\examples\try\STM32F103VETX_FLASH.ld" --specs=nosys.specs -Wl,-Map="try.map" -Wl,--gc-sections -static --specs=nano.specs -mfloat-abi=soft -mthumb -Wl,--start-group -lc -lm -Wl,--end-group
F:/CubeIDE1.14.1/STM32CubeIDE_1.14.1/STM32CubeIDE/plugins/com.st.stm32cube.ide.mcu.externaltools.gnu-tools-for-stm32.11.3.rel1.win32_1.1.100.202309141235/tools/bin/../lib/gcc/arm-none-eabi/11.3.1/../../../../arm-none-eabi/bin/ld.exe: ./Core/Src/stm32f1xx_it.o: in function `TIM4_IRQHandler':
F:/CubeIDE/h503_Git/m100-m3-mini-board-stm32f103/examples/try/Debug/../Core/Src/stm32f1xx_it.c:239: multiple definition of `TIM4_IRQHandler'; ./ATK_Middlewares/USMART/usmart_port.o:F:/CubeIDE/h503_Git/m100-m3-mini-board-stm32f103/examples/try/Debug/../ATK_Middlewares/USMART/usmart_port.c:91: first defined here
F:/CubeIDE1.14.1/STM32CubeIDE_1.14.1/STM32CubeIDE/plugins/com.st.stm32cube.ide.mcu.externaltools.gnu-tools-for-stm32.11.3.rel1.win32_1.1.100.202309141235/tools/bin/../lib/gcc/arm-none-eabi/11.3.1/../../../../arm-none-eabi/bin/ld.exe: ./BSP/LCD/lcd.o: in function `lcd_ex_st7789_reginit':
F:/CubeIDE/h503_Git/m100-m3-mini-board-stm32f103/examples/try/Debug/../BSP/LCD/lcd_ex.c:32: undefined reference to `HAL_Delay'
F:/CubeIDE1.14.1/STM32CubeIDE_1.14.1/STM32CubeIDE/plugins/com.st.stm32cube.ide.mcu.externaltools.gnu-tools-for-stm32.11.3.rel1.win32_1.1.100.202309141235/tools/bin/../lib/gcc/arm-none-eabi/11.3.1/../../../../arm-none-eabi/bin/ld.exe: ./BSP/LCD/lcd.o: in function `lcd_ex_ili9341_reginit':
F:/CubeIDE/h503_Git/m100-m3-mini-board-stm32f103/examples/try/Debug/../BSP/LCD/lcd_ex.c:219: undefined reference to `HAL_Delay'
F:/CubeIDE1.14.1/STM32CubeIDE_1.14.1/STM32CubeIDE/plugins/com.st.stm32cube.ide.mcu.externaltools.gnu-tools-for-stm32.11.3.rel1.win32_1.1.100.202309141235/tools/bin/../lib/gcc/arm-none-eabi/11.3.1/../../../../arm-none-eabi/bin/ld.exe: ./BSP/LCD/lcd.o: in function `lcd_ex_nt35310_reginit':
F:/CubeIDE/h503_Git/m100-m3-mini-board-stm32f103/examples/try/Debug/../BSP/LCD/lcd_ex.c:895: undefined reference to `HAL_Delay'
F:/CubeIDE1.14.1/STM32CubeIDE_1.14.1/STM32CubeIDE/plugins/com.st.stm32cube.ide.mcu.externaltools.gnu-tools-for-stm32.11.3.rel1.win32_1.1.100.202309141235/tools/bin/../lib/gcc/arm-none-eabi/11.3.1/../../../../arm-none-eabi/bin/ld.exe: ./BSP/LCD/lcd.o: in function `lcd_ex_st7796_reginit':
F:/CubeIDE/h503_Git/m100-m3-mini-board-stm32f103/examples/try/Debug/../BSP/LCD/lcd_ex.c:918: undefined reference to `HAL_Delay'
F:/CubeIDE1.14.1/STM32CubeIDE_1.14.1/STM32CubeIDE/plugins/com.st.stm32cube.ide.mcu.externaltools.gnu-tools-for-stm32.11.3.rel1.win32_1.1.100.202309141235/tools/bin/../lib/gcc/arm-none-eabi/11.3.1/../../../../arm-none-eabi/bin/ld.exe: F:/CubeIDE/h503_Git/m100-m3-mini-board-stm32f103/examples/try/Debug/../BSP/LCD/lcd_ex.c:1007: undefined reference to `HAL_Delay'
F:/CubeIDE1.14.1/STM32CubeIDE_1.14.1/STM32CubeIDE/plugins/com.st.stm32cube.ide.mcu.externaltools.gnu-tools-for-stm32.11.3.rel1.win32_1.1.100.202309141235/tools/bin/../lib/gcc/arm-none-eabi/11.3.1/../../../../arm-none-eabi/bin/ld.exe: ./BSP/LCD/lcd.o:F:/CubeIDE/h503_Git/m100-m3-mini-board-stm32f103/examples/try/Debug/../BSP/LCD/lcd_ex.c:1428: more undefined references to `HAL_Delay' follow
F:/CubeIDE1.14.1/STM32CubeIDE_1.14.1/STM32CubeIDE/plugins/com.st.stm32cube.ide.mcu.externaltools.gnu-tools-for-stm32.11.3.rel1.win32_1.1.100.202309141235/tools/bin/../lib/gcc/arm-none-eabi/11.3.1/../../../../arm-none-eabi/bin/ld.exe: ./BSP/LCD/lcd.o: in function `lcd_init':
F:/CubeIDE/h503_Git/m100-m3-mini-board-stm32f103/examples/try/Debug/../BSP/LCD/lcd.c:704: undefined reference to `HAL_GPIO_WritePin'
F:/CubeIDE1.14.1/STM32CubeIDE_1.14.1/STM32CubeIDE/plugins/com.st.stm32cube.ide.mcu.externaltools.gnu-tools-for-stm32.11.3.rel1.win32_1.1.100.202309141235/tools/bin/../lib/gcc/arm-none-eabi/11.3.1/../../../../arm-none-eabi/bin/ld.exe: ./Core/Src/fsmc.o: in function `MX_FSMC_Init':
F:/CubeIDE/h503_Git/m100-m3-mini-board-stm32f103/examples/try/Debug/../Core/Src/fsmc.c:79: undefined reference to `HAL_SRAM_Init'
F:/CubeIDE1.14.1/STM32CubeIDE_1.14.1/STM32CubeIDE/plugins/com.st.stm32cube.ide.mcu.externaltools.gnu-tools-for-stm32.11.3.rel1.win32_1.1.100.202309141235/tools/bin/../lib/gcc/arm-none-eabi/11.3.1/../../../../arm-none-eabi/bin/ld.exe: ./Core/Src/gpio.o: in function `MX_GPIO_Init':
F:/CubeIDE/h503_Git/m100-m3-mini-board-stm32f103/examples/try/Debug/../Core/Src/gpio.c:55: undefined reference to `HAL_GPIO_WritePin'
F:/CubeIDE1.14.1/STM32CubeIDE_1.14.1/STM32CubeIDE/plugins/com.st.stm32cube.ide.mcu.externaltools.gnu-tools-for-stm32.11.3.rel1.win32_1.1.100.202309141235/tools/bin/../lib/gcc/arm-none-eabi/11.3.1/../../../../arm-none-eabi/bin/ld.exe: F:/CubeIDE/h503_Git/m100-m3-mini-board-stm32f103/examples/try/Debug/../Core/Src/gpio.c:58: undefined reference to `HAL_GPIO_WritePin'
F:/CubeIDE1.14.1/STM32CubeIDE_1.14.1/STM32CubeIDE/plugins/com.st.stm32cube.ide.mcu.externaltools.gnu-tools-for-stm32.11.3.rel1.win32_1.1.100.202309141235/tools/bin/../lib/gcc/arm-none-eabi/11.3.1/../../../../arm-none-eabi/bin/ld.exe: F:/CubeIDE/h503_Git/m100-m3-mini-board-stm32f103/examples/try/Debug/../Core/Src/gpio.c:65: undefined reference to `HAL_GPIO_Init'
F:/CubeIDE1.14.1/STM32CubeIDE_1.14.1/STM32CubeIDE/plugins/com.st.stm32cube.ide.mcu.externaltools.gnu-tools-for-stm32.11.3.rel1.win32_1.1.100.202309141235/tools/bin/../lib/gcc/arm-none-eabi/11.3.1/../../../../arm-none-eabi/bin/ld.exe: F:/CubeIDE/h503_Git/m100-m3-mini-board-stm32f103/examples/try/Debug/../Core/Src/gpio.c:71: undefined reference to `HAL_GPIO_Init'
F:/CubeIDE1.14.1/STM32CubeIDE_1.14.1/STM32CubeIDE/plugins/com.st.stm32cube.ide.mcu.externaltools.gnu-tools-for-stm32.11.3.rel1.win32_1.1.100.202309141235/tools/bin/../lib/gcc/arm-none-eabi/11.3.1/../../../../arm-none-eabi/bin/ld.exe: F:/CubeIDE/h503_Git/m100-m3-mini-board-stm32f103/examples/try/Debug/../Core/Src/gpio.c:78: undefined reference to `HAL_GPIO_Init'
F:/CubeIDE1.14.1/STM32CubeIDE_1.14.1/STM32CubeIDE/plugins/com.st.stm32cube.ide.mcu.externaltools.gnu-tools-for-stm32.11.3.rel1.win32_1.1.100.202309141235/tools/bin/../lib/gcc/arm-none-eabi/11.3.1/../../../../arm-none-eabi/bin/ld.exe: ./Core/Src/main.o: in function `main':
F:/CubeIDE/h503_Git/m100-m3-mini-board-stm32f103/examples/try/Debug/../Core/Src/main.c:82: undefined reference to `HAL_Init'
F:/CubeIDE1.14.1/STM32CubeIDE_1.14.1/STM32CubeIDE/plugins/com.st.stm32cube.ide.mcu.externaltools.gnu-tools-for-stm32.11.3.rel1.win32_1.1.100.202309141235/tools/bin/../lib/gcc/arm-none-eabi/11.3.1/../../../../arm-none-eabi/bin/ld.exe: F:/CubeIDE/h503_Git/m100-m3-mini-board-stm32f103/examples/try/Debug/../Core/Src/main.c:131: undefined reference to `HAL_GPIO_TogglePin'
F:/CubeIDE1.14.1/STM32CubeIDE_1.14.1/STM32CubeIDE/plugins/com.st.stm32cube.ide.mcu.externaltools.gnu-tools-for-stm32.11.3.rel1.win32_1.1.100.202309141235/tools/bin/../lib/gcc/arm-none-eabi/11.3.1/../../../../arm-none-eabi/bin/ld.exe: F:/CubeIDE/h503_Git/m100-m3-mini-board-stm32f103/examples/try/Debug/../Core/Src/main.c:134: undefined reference to `HAL_Delay'
F:/CubeIDE1.14.1/STM32CubeIDE_1.14.1/STM32CubeIDE/plugins/com.st.stm32cube.ide.mcu.externaltools.gnu-tools-for-stm32.11.3.rel1.win32_1.1.100.202309141235/tools/bin/../lib/gcc/arm-none-eabi/11.3.1/../../../../arm-none-eabi/bin/ld.exe: ./Core/Src/main.o: in function `SystemClock_Config':
F:/CubeIDE/h503_Git/m100-m3-mini-board-stm32f103/examples/try/Debug/../Core/Src/main.c:163: undefined reference to `HAL_RCC_OscConfig'
F:/CubeIDE1.14.1/STM32CubeIDE_1.14.1/STM32CubeIDE/plugins/com.st.stm32cube.ide.mcu.externaltools.gnu-tools-for-stm32.11.3.rel1.win32_1.1.100.202309141235/tools/bin/../lib/gcc/arm-none-eabi/11.3.1/../../../../arm-none-eabi/bin/ld.exe: F:/CubeIDE/h503_Git/m100-m3-mini-board-stm32f103/examples/try/Debug/../Core/Src/main.c:177: undefined reference to `HAL_RCC_ClockConfig'
F:/CubeIDE1.14.1/STM32CubeIDE_1.14.1/STM32CubeIDE/plugins/com.st.stm32cube.ide.mcu.externaltools.gnu-tools-for-stm32.11.3.rel1.win32_1.1.100.202309141235/tools/bin/../lib/gcc/arm-none-eabi/11.3.1/../../../../arm-none-eabi/bin/ld.exe: F:/CubeIDE/h503_Git/m100-m3-mini-board-stm32f103/examples/try/Debug/../Core/Src/main.c:183: undefined reference to `HAL_RCCEx_PeriphCLKConfig'
F:/CubeIDE1.14.1/STM32CubeIDE_1.14.1/STM32CubeIDE/plugins/com.st.stm32cube.ide.mcu.externaltools.gnu-tools-for-stm32.11.3.rel1.win32_1.1.100.202309141235/tools/bin/../lib/gcc/arm-none-eabi/11.3.1/../../../../arm-none-eabi/bin/ld.exe: ./Core/Src/rtc.o: in function `MX_RTC_Init':
F:/CubeIDE/h503_Git/m100-m3-mini-board-stm32f103/examples/try/Debug/../Core/Src/rtc.c:52: undefined reference to `HAL_RTC_Init'
F:/CubeIDE1.14.1/STM32CubeIDE_1.14.1/STM32CubeIDE/plugins/com.st.stm32cube.ide.mcu.externaltools.gnu-tools-for-stm32.11.3.rel1.win32_1.1.100.202309141235/tools/bin/../lib/gcc/arm-none-eabi/11.3.1/../../../../arm-none-eabi/bin/ld.exe: F:/CubeIDE/h503_Git/m100-m3-mini-board-stm32f103/examples/try/Debug/../Core/Src/rtc.c:69: undefined reference to `HAL_RTC_SetTime'
F:/CubeIDE1.14.1/STM32CubeIDE_1.14.1/STM32CubeIDE/plugins/com.st.stm32cube.ide.mcu.externaltools.gnu-tools-for-stm32.11.3.rel1.win32_1.1.100.202309141235/tools/bin/../lib/gcc/arm-none-eabi/11.3.1/../../../../arm-none-eabi/bin/ld.exe: F:/CubeIDE/h503_Git/m100-m3-mini-board-stm32f103/examples/try/Debug/../Core/Src/rtc.c:78: undefined reference to `HAL_RTC_SetDate'
F:/CubeIDE1.14.1/STM32CubeIDE_1.14.1/STM32CubeIDE/plugins/com.st.stm32cube.ide.mcu.externaltools.gnu-tools-for-stm32.11.3.rel1.win32_1.1.100.202309141235/tools/bin/../lib/gcc/arm-none-eabi/11.3.1/../../../../arm-none-eabi/bin/ld.exe: ./Core/Src/rtc.o: in function `rtc_write_bkr':
F:/CubeIDE/h503_Git/m100-m3-mini-board-stm32f103/examples/try/Debug/../Core/Src/rtc.c:147: undefined reference to `HAL_PWR_EnableBkUpAccess'
F:/CubeIDE1.14.1/STM32CubeIDE_1.14.1/STM32CubeIDE/plugins/com.st.stm32cube.ide.mcu.externaltools.gnu-tools-for-stm32.11.3.rel1.win32_1.1.100.202309141235/tools/bin/../lib/gcc/arm-none-eabi/11.3.1/../../../../arm-none-eabi/bin/ld.exe: F:/CubeIDE/h503_Git/m100-m3-mini-board-stm32f103/examples/try/Debug/../Core/Src/rtc.c:148: undefined reference to `HAL_RTCEx_BKUPWrite'
F:/CubeIDE1.14.1/STM32CubeIDE_1.14.1/STM32CubeIDE/plugins/com.st.stm32cube.ide.mcu.externaltools.gnu-tools-for-stm32.11.3.rel1.win32_1.1.100.202309141235/tools/bin/../lib/gcc/arm-none-eabi/11.3.1/../../../../arm-none-eabi/bin/ld.exe: ./Core/Src/rtc.o: in function `rtc_read_bkr':
F:/CubeIDE/h503_Git/m100-m3-mini-board-stm32f103/examples/try/Debug/../Core/Src/rtc.c:160: undefined reference to `HAL_RTCEx_BKUPRead'
F:/CubeIDE1.14.1/STM32CubeIDE_1.14.1/STM32CubeIDE/plugins/com.st.stm32cube.ide.mcu.externaltools.gnu-tools-for-stm32.11.3.rel1.win32_1.1.100.202309141235/tools/bin/../lib/gcc/arm-none-eabi/11.3.1/../../../../arm-none-eabi/bin/ld.exe: ./Core/Src/rtc.o: in function `rtc_set_time':
F:/CubeIDE/h503_Git/m100-m3-mini-board-stm32f103/examples/try/Debug/../Core/Src/rtc.c:206: undefined reference to `HAL_PWR_EnableBkUpAccess'
F:/CubeIDE1.14.1/STM32CubeIDE_1.14.1/STM32CubeIDE/plugins/com.st.stm32cube.ide.mcu.externaltools.gnu-tools-for-stm32.11.3.rel1.win32_1.1.100.202309141235/tools/bin/../lib/gcc/arm-none-eabi/11.3.1/../../../../arm-none-eabi/bin/ld.exe: ./Core/Src/rtc.o: in function `rtc_set_alarm':
F:/CubeIDE/h503_Git/m100-m3-mini-board-stm32f103/examples/try/Debug/../Core/Src/rtc.c:240: undefined reference to `HAL_PWR_EnableBkUpAccess'
F:/CubeIDE1.14.1/STM32CubeIDE_1.14.1/STM32CubeIDE/plugins/com.st.stm32cube.ide.mcu.externaltools.gnu-tools-for-stm32.11.3.rel1.win32_1.1.100.202309141235/tools/bin/../lib/gcc/arm-none-eabi/11.3.1/../../../../arm-none-eabi/bin/ld.exe: ./Core/Src/stm32f1xx_it.o: in function `SysTick_Handler':
F:/CubeIDE/h503_Git/m100-m3-mini-board-stm32f103/examples/try/Debug/../Core/Src/stm32f1xx_it.c:192: undefined reference to `HAL_IncTick'
F:/CubeIDE1.14.1/STM32CubeIDE_1.14.1/STM32CubeIDE/plugins/com.st.stm32cube.ide.mcu.externaltools.gnu-tools-for-stm32.11.3.rel1.win32_1.1.100.202309141235/tools/bin/../lib/gcc/arm-none-eabi/11.3.1/../../../../arm-none-eabi/bin/ld.exe: ./Core/Src/stm32f1xx_it.o: in function `RTC_IRQHandler':
F:/CubeIDE/h503_Git/m100-m3-mini-board-stm32f103/examples/try/Debug/../Core/Src/stm32f1xx_it.c:227: undefined reference to `HAL_RTCEx_RTCIRQHandler'
F:/CubeIDE1.14.1/STM32CubeIDE_1.14.1/STM32CubeIDE/plugins/com.st.stm32cube.ide.mcu.externaltools.gnu-tools-for-stm32.11.3.rel1.win32_1.1.100.202309141235/tools/bin/../lib/gcc/arm-none-eabi/11.3.1/../../../../arm-none-eabi/bin/ld.exe: F:/CubeIDE/h503_Git/m100-m3-mini-board-stm32f103/examples/try/Debug/../Core/Src/stm32f1xx_it.c:229: undefined reference to `HAL_RTCEx_RTCIRQHandler'
F:/CubeIDE1.14.1/STM32CubeIDE_1.14.1/STM32CubeIDE/plugins/com.st.stm32cube.ide.mcu.externaltools.gnu-tools-for-stm32.11.3.rel1.win32_1.1.100.202309141235/tools/bin/../lib/gcc/arm-none-eabi/11.3.1/../../../../arm-none-eabi/bin/ld.exe: ./Core/Src/stm32f1xx_it.o: in function `USART1_IRQHandler':
F:/CubeIDE/h503_Git/m100-m3-mini-board-stm32f103/examples/try/Debug/../Core/Src/stm32f1xx_it.c:257: undefined reference to `HAL_UART_IRQHandler'
F:/CubeIDE1.14.1/STM32CubeIDE_1.14.1/STM32CubeIDE/plugins/com.st.stm32cube.ide.mcu.externaltools.gnu-tools-for-stm32.11.3.rel1.win32_1.1.100.202309141235/tools/bin/../lib/gcc/arm-none-eabi/11.3.1/../../../../arm-none-eabi/bin/ld.exe: ./Core/Src/tim.o: in function `MX_TIM4_Init':
F:/CubeIDE/h503_Git/m100-m3-mini-board-stm32f103/examples/try/Debug/../Core/Src/tim.c:49: undefined reference to `HAL_TIM_Base_Init'
F:/CubeIDE1.14.1/STM32CubeIDE_1.14.1/STM32CubeIDE/plugins/com.st.stm32cube.ide.mcu.externaltools.gnu-tools-for-stm32.11.3.rel1.win32_1.1.100.202309141235/tools/bin/../lib/gcc/arm-none-eabi/11.3.1/../../../../arm-none-eabi/bin/ld.exe: F:/CubeIDE/h503_Git/m100-m3-mini-board-stm32f103/examples/try/Debug/../Core/Src/tim.c:54: undefined reference to `HAL_TIM_ConfigClockSource'
F:/CubeIDE1.14.1/STM32CubeIDE_1.14.1/STM32CubeIDE/plugins/com.st.stm32cube.ide.mcu.externaltools.gnu-tools-for-stm32.11.3.rel1.win32_1.1.100.202309141235/tools/bin/../lib/gcc/arm-none-eabi/11.3.1/../../../../arm-none-eabi/bin/ld.exe: F:/CubeIDE/h503_Git/m100-m3-mini-board-stm32f103/examples/try/Debug/../Core/Src/tim.c:60: undefined reference to `HAL_TIMEx_MasterConfigSynchronization'
F:/CubeIDE1.14.1/STM32CubeIDE_1.14.1/STM32CubeIDE/plugins/com.st.stm32cube.ide.mcu.externaltools.gnu-tools-for-stm32.11.3.rel1.win32_1.1.100.202309141235/tools/bin/../lib/gcc/arm-none-eabi/11.3.1/../../../../arm-none-eabi/bin/ld.exe: F:/CubeIDE/h503_Git/m100-m3-mini-board-stm32f103/examples/try/Debug/../Core/Src/tim.c:65: undefined reference to `HAL_TIM_Base_Start_IT'
F:/CubeIDE1.14.1/STM32CubeIDE_1.14.1/STM32CubeIDE/plugins/com.st.stm32cube.ide.mcu.externaltools.gnu-tools-for-stm32.11.3.rel1.win32_1.1.100.202309141235/tools/bin/../lib/gcc/arm-none-eabi/11.3.1/../../../../arm-none-eabi/bin/ld.exe: ./Core/Src/usart.o: in function `__io_putchar':
F:/CubeIDE/h503_Git/m100-m3-mini-board-stm32f103/examples/try/Debug/../Core/Src/usart.c:33: undefined reference to `HAL_UART_Transmit'
F:/CubeIDE1.14.1/STM32CubeIDE_1.14.1/STM32CubeIDE/plugins/com.st.stm32cube.ide.mcu.externaltools.gnu-tools-for-stm32.11.3.rel1.win32_1.1.100.202309141235/tools/bin/../lib/gcc/arm-none-eabi/11.3.1/../../../../arm-none-eabi/bin/ld.exe: ./Core/Src/usart.o: in function `MX_USART1_UART_Init':
F:/CubeIDE/h503_Git/m100-m3-mini-board-stm32f103/examples/try/Debug/../Core/Src/usart.c:72: undefined reference to `HAL_UART_Init'
F:/CubeIDE1.14.1/STM32CubeIDE_1.14.1/STM32CubeIDE/plugins/com.st.stm32cube.ide.mcu.externaltools.gnu-tools-for-stm32.11.3.rel1.win32_1.1.100.202309141235/tools/bin/../lib/gcc/arm-none-eabi/11.3.1/../../../../arm-none-eabi/bin/ld.exe: F:/CubeIDE/h503_Git/m100-m3-mini-board-stm32f103/examples/try/Debug/../Core/Src/usart.c:79: undefined reference to `HAL_UART_Receive_IT'
collect2.exe: error: ld returned 1 exit status
make: *** [makefile:67: try.elf] Error 1
"make -j16 all" terminated with exit code 2. Build might be incomplete.

11:25:50 Build Failed. 40 errors, 1 warnings. (took 2s.233ms)

